#                                                                                     --- full sequence --- -------------- this domain -------------   hmm coord   ali coord   env coord
# target name                 accession   tlen query name           accession   qlen   E-value  score  bias   #  of  c-Evalue  i-Evalue  score  bias  from    to  from    to  from    to  acc description of target
#         ------------------- ---------- ----- -------------------- ---------- ----- --------- ------ ----- --- --- --------- --------- ------ ----- ----- ----- ----- ----- ----- ----- ---- ---------------------
h1tg000011l:12463798-12466779 -            425 112609at3193         -            300  2.9e-121  403.0   0.5   1   2  3.9e-117  7.1e-115  382.0   0.1     1   287    26   383    26   387 0.86 -
h1tg000011l:12463798-12466779 -            425 112609at3193         -            300  2.9e-121  403.0   0.5   2   2   0.00021     0.037   11.9   0.0   270   300   387   425   384   425 0.81 -
h1tg000019l:21004037-21006727 -            422 112609at3193         -            300  3.5e-120  399.4   3.6   1   3   4.8e-17   8.7e-15   53.4   0.1     1    47    23    69    23    76 0.92 -
h1tg000019l:21004037-21006727 -            422 112609at3193         -            300  3.5e-120  399.4   3.6   2   3  4.6e-104  8.2e-102  339.1   0.1    29   288    67   381    64   384 0.87 -
h1tg000019l:21004037-21006727 -            422 112609at3193         -            300  3.5e-120  399.4   3.6   3   3    0.0045      0.81    7.5   0.1   270   300   384   422   382   422 0.71 -
h1tg000019l:21402622-21409992 -            729 112609at3193         -            300   1.8e-18   65.4   1.4   1   2   1.2e-19   2.1e-17   61.9   0.4     2   170     4   190     3   226 0.79 -
h1tg000019l:21402622-21409992 -            729 112609at3193         -            300   1.8e-18   65.4   1.4   2   2      0.98   1.8e+02   -0.2   0.0    80   214   283   320   261   350 0.55 -
h1tg000007l:16329750-16330418 -            223 112609at3193         -            300   1.5e-16   59.1   0.3   1   1   1.1e-18     2e-16   58.7   0.3    61   243     9   202     5   215 0.79 -
h1tg000004l:96826588-96827556 -            323 112609at3193         -            300   2.7e-15   55.0   0.8   1   2   7.2e-16   1.3e-13   49.5   1.0     2   169     1   180     1   238 0.68 -
h1tg000004l:96826588-96827556 -            323 112609at3193         -            300   2.7e-15   55.0   0.8   2   2      0.88   1.6e+02   -0.0   0.0   260   288   240   272   235   280 0.77 -
h1tg000002l:6262995-6263963   -            323 112609at3193         -            300   2.9e-15   54.9   0.5   1   2   2.1e-16   3.7e-14   51.3   0.5     2   168     1   179     1   215 0.72 -
h1tg000002l:6262995-6263963   -            323 112609at3193         -            300   2.9e-15   54.9   0.5   2   2       2.6   4.7e+02   -1.6   0.0   260   287   240   271   237   277 0.73 -
h1tg000004l:10877657-10878538 -            294 112609at3193         -            300     3e-15   54.9   2.9   1   4   3.3e-09   5.9e-07   27.6   0.0     2    58     9    65     8    74 0.93 -
h1tg000004l:10877657-10878538 -            294 112609at3193         -            300     3e-15   54.9   2.9   2   4     1e-08   1.8e-06   26.0   0.5    57   187    83   210    77   217 0.76 -
h1tg000004l:10877657-10878538 -            294 112609at3193         -            300     3e-15   54.9   2.9   3   4       6.5   1.2e+03   -2.9   0.0   274   287   230   243   226   257 0.78 -
h1tg000004l:10877657-10878538 -            294 112609at3193         -            300     3e-15   54.9   2.9   4   4       2.4   4.3e+02   -1.5   0.0   263   290   258   289   246   292 0.64 -
h1tg000008l:79373236-79373988 -            251 112609at3193         -            300   6.8e-15   53.7   0.8   1   2   7.7e-08   1.4e-05   23.1   0.0     2    39     1    38     1    46 0.94 -
h1tg000008l:79373236-79373988 -            251 112609at3193         -            300   6.8e-15   53.7   0.8   2   2   1.6e-09   2.8e-07   28.7   0.6    56   223    83   251    71   251 0.74 -
h1tg000014l:3452139-3452810   -            224 112609at3193         -            300   3.6e-14   51.3   0.6   1   2   1.9e-08   3.4e-06   25.1   0.0     2    35     3    36     2    42 0.95 -
h1tg000014l:3452139-3452810   -            224 112609at3193         -            300   3.6e-14   51.3   0.6   2   2   2.8e-08   5.1e-06   24.6   0.3    61   189    92   224    77   224 0.75 -
h1tg000008l:71418688-71419575 -            296 112609at3193         -            300   8.2e-13   46.9   2.2   1   2   4.9e-14   8.7e-12   43.5   2.5     2   233     2   236     1   258 0.75 -
h1tg000008l:71418688-71419575 -            296 112609at3193         -            300   8.2e-13   46.9   2.2   2   2      0.62   1.1e+02    0.5   0.0   261   292   241   275   234   279 0.73 -
h1tg000002l:24439860-24440612 -            251 112609at3193         -            300     1e-12   46.6   2.5   1   2     4e-07   7.2e-05   20.8   0.0     2    42     2    42     1    86 0.87 -
h1tg000002l:24439860-24440612 -            251 112609at3193         -            300     1e-12   46.6   2.5   2   2     4e-08   7.1e-06   24.1   2.8    57   224    84   251    74   251 0.67 -
h1tg000014l:3487874-3488806   -            311 112609at3193         -            300   5.6e-12   44.1   3.9   1   2   8.5e-08   1.5e-05   23.0   0.1     2    47     3    48     2    65 0.86 -
h1tg000014l:3487874-3488806   -            311 112609at3193         -            300   5.6e-12   44.1   3.9   2   2   7.7e-07   0.00014   19.9   1.0    61   191    89   223    77   252 0.77 -
h1tg000004l:24471043-24471858 -            272 112609at3193         -            300   1.2e-10   39.8   1.4   1   1   1.2e-12   2.1e-10   39.0   1.4    61   225     7   188     1   204 0.73 -
h1tg000001l:82160367-82161386 -            340 112609at3193         -            300     3e-10   38.5   0.3   1   3   1.2e-10   2.1e-08   32.4   0.1     2   194     1   204     1   230 0.78 -
h1tg000001l:82160367-82161386 -            340 112609at3193         -            300     3e-10   38.5   0.3   2   3    0.0033      0.59    8.0   0.0    82   132   186   233   182   243 0.81 -
h1tg000001l:82160367-82161386 -            340 112609at3193         -            300     3e-10   38.5   0.3   3   3      0.83   1.5e+02    0.1   0.0   261   289   242   273   238   277 0.68 -
h1tg000002l:22514681-22515595 -            305 112609at3193         -            300     3e-09   35.2   1.0   1   2   1.3e-09   2.4e-07   28.9   0.8     2   141    15   169    14   197 0.62 -
h1tg000002l:22514681-22515595 -            305 112609at3193         -            300     3e-09   35.2   1.0   2   2      0.09        16    3.2   0.0    82   105   157   180   153   222 0.79 -
h1tg000001l:86635023-86636213 -            397 112609at3193         -            300   1.4e-08   32.9   2.8   1   4    0.0017      0.31    8.9   0.0     2    39    44    81    43    94 0.91 -
h1tg000001l:86635023-86636213 -            397 112609at3193         -            300   1.4e-08   32.9   2.8   2   4   6.6e-06    0.0012   16.8   0.1   115   189   167   247   158   250 0.70 -
h1tg000001l:86635023-86636213 -            397 112609at3193         -            300   1.4e-08   32.9   2.8   3   4     0.074        13    3.5   0.1   154   174   268   288   247   302 0.65 -
h1tg000001l:86635023-86636213 -            397 112609at3193         -            300   1.4e-08   32.9   2.8   4   4      0.49        87    0.8   0.0    62    91   330   361   327   369 0.85 -
h1tg000004l:13874049-13874477 -            143 112609at3193         -            300   1.1e-07   30.1   0.5   1   2   3.1e-09   5.5e-07   27.7   0.2     1    57     6    61     6   126 0.91 -
h1tg000004l:13874049-13874477 -            143 112609at3193         -            300   1.1e-07   30.1   0.5   2   2       2.7   4.8e+02   -1.6   0.0   155   168   124   137   118   140 0.82 -
h1tg000009l:21363091-21364221 -            377 112609at3193         -            300   1.1e-07   30.0   3.5   1   3   4.7e-08   8.5e-06   23.8   0.0     2    42    12    52    11    67 0.93 -
h1tg000009l:21363091-21364221 -            377 112609at3193         -            300   1.1e-07   30.0   3.5   2   3     0.022         4    5.2   0.4   152   194   163   212   140   243 0.49 -
h1tg000009l:21363091-21364221 -            377 112609at3193         -            300   1.1e-07   30.0   3.5   3   3       6.3   1.1e+03   -2.8   0.0   270   285   333   348   314   351 0.57 -
h1tg000008l:70713690-70714328 -            213 112609at3193         -            300   8.1e-07   27.2   0.7   1   2   1.9e-07   3.5e-05   21.8   0.1    61   193     7   137     1   164 0.69 -
h1tg000008l:70713690-70714328 -            213 112609at3193         -            300   8.1e-07   27.2   0.7   2   2      0.13        23    2.7   0.1   196   225   174   203   163   207 0.83 -
h1tg000014l:7297140-7297919   -            260 112609at3193         -            300     9e-07   27.0   0.0   1   1     2e-08   3.5e-06   25.1   0.0    58   194    43   179    36   204 0.73 -
h1tg000009l:9393101-9393979   -            293 112609at3193         -            300   5.8e-06   24.4   0.4   1   1   7.3e-08   1.3e-05   23.2   0.3     2    43     4    45     3    55 0.93 -
h1tg000002l:15662872-15663915 -            348 112609at3193         -            300   2.3e-05   22.4   1.3   1   2   2.7e-07   4.9e-05   21.3   0.3     5    55     8    58     4    83 0.88 -
h1tg000002l:15662872-15663915 -            348 112609at3193         -            300   2.3e-05   22.4   1.3   2   2       2.6   4.6e+02   -1.6   0.0   152   168   161   177   123   189 0.64 -
h1tg000002l:72903225-72904265 -            347 112609at3193         -            300   5.2e-05   21.3   0.8   1   2   9.6e-05     0.017   13.0   0.3     6    58    12    63     9   157 0.68 -
h1tg000002l:72903225-72904265 -            347 112609at3193         -            300   5.2e-05   21.3   0.8   2   2      0.07        13    3.6   0.0   153   174   221   242   169   266 0.83 -
h1tg000001l:78904151-78905203 -            351 112609at3193         -            300   5.8e-05   21.1   0.7   1   2   2.1e-06   0.00037   18.5   0.3     6    54    10    58     6    88 0.87 -
h1tg000001l:78904151-78905203 -            351 112609at3193         -            300   5.8e-05   21.1   0.7   2   2      0.74   1.3e+02    0.2   0.0   256   294   153   191   133   196 0.67 -
h1tg000019l:34471801-34480509 -           1021 112609at3193         -            300   8.4e-05   20.6   0.9   1   1   8.6e-07   0.00015   19.7   0.9    67   219   382   533   349   562 0.78 -
h1tg000005l:2398473-2399711   -            413 112609at3193         -            300   0.00016   19.6   0.8   1   2   4.5e-05    0.0081   14.0   0.5     6   108    54   171    52   200 0.67 -
h1tg000005l:2398473-2399711   -            413 112609at3193         -            300   0.00016   19.6   0.8   2   2      0.51        92    0.7   0.0   155   173   291   309   284   324 0.85 -
h1tg000006l:49787871-49788824 -            318 112609at3193         -            300    0.0006   17.8   1.0   1   3   6.2e-06    0.0011   16.9   0.1     6    43     1    38     1    47 0.94 -
h1tg000006l:49787871-49788824 -            318 112609at3193         -            300    0.0006   17.8   1.0   2   3       6.8   1.2e+03   -2.9   0.0    40    77    53    92    42   100 0.64 -
h1tg000006l:49787871-49788824 -            318 112609at3193         -            300    0.0006   17.8   1.0   3   3       8.8   1.6e+03   -3.3   0.0   179   195   263   279   260   286 0.70 -
h1tg000008l:65012401-65012967 -            189 112609at3193         -            300   0.00063   17.7   2.4   1   1   1.4e-05    0.0025   15.7   2.4     2    42     1    38     1   189 0.91 -
h1tg000019l:28472565-28479806 -            437 112609at3193         -            300   0.00082   17.3   0.1   1   1   9.7e-06    0.0017   16.3   0.1     3    44    25    66    23    75 0.91 -
h1tg000004l:13165818-13166897 -            360 112609at3193         -            300    0.0024   15.8   0.1   1   1   4.1e-05    0.0074   14.2   0.1     6    44     1    39     1    54 0.92 -
h1tg000003l:3966855-3967931   -            359 112609at3193         -            300    0.0043   15.0   0.1   1   2   0.00011     0.021   12.7   0.0     6    44     1    39     1    64 0.90 -
h1tg000003l:3966855-3967931   -            359 112609at3193         -            300    0.0043   15.0   0.1   2   2       1.5   2.6e+02   -0.7   0.0   271   283   162   174   132   194 0.67 -
h1tg000006l:49689467-49690603 -            379 112609at3193         -            300    0.0044   14.9   0.3   1   1   4.6e-05    0.0082   14.0   0.3     7    66     1    65     1    85 0.69 -
h1tg000001l:96333599-96334645 -            349 112609at3193         -            300    0.0048   14.8   0.1   1   2    0.0003     0.054   11.4   0.0     6    41     5    40     2    80 0.94 -
h1tg000001l:96333599-96334645 -            349 112609at3193         -            300    0.0048   14.8   0.1   2   2      0.57     1e+02    0.6   0.0   147   171   299   323   258   342 0.77 -
h1tg000001l:83929809-83931002 -            398 112609at3193         -            300    0.0064   14.4   0.1   1   3      0.32        58    1.4   0.0     6    46     4    45     1    49 0.84 -
h1tg000001l:83929809-83931002 -            398 112609at3193         -            300    0.0064   14.4   0.1   2   3      0.36        65    1.2   0.0    77    97    95   115    80   134 0.87 -
h1tg000001l:83929809-83931002 -            398 112609at3193         -            300    0.0064   14.4   0.1   3   3    0.0075       1.4    6.8   0.0    60    96   357   392   341   395 0.78 -
h1tg000006l:21277039-21278265 -            409 112609at3193         -            300    0.0067   14.3   0.1   1   4      0.16        29    2.4   0.0     6    48    16    59    13    64 0.85 -
h1tg000006l:21277039-21278265 -            409 112609at3193         -            300    0.0067   14.3   0.1   2   4      0.12        22    2.8   0.0    76    98   108   130    89   149 0.80 -
h1tg000006l:21277039-21278265 -            409 112609at3193         -            300    0.0067   14.3   0.1   3   4       0.8   1.4e+02    0.1   0.0    49   118   241   303   233   311 0.73 -
h1tg000006l:21277039-21278265 -            409 112609at3193         -            300    0.0067   14.3   0.1   4   4      0.12        22    2.8   0.0    60    96   371   406   356   409 0.81 -
h1tg000004l:98530960-98532045 -            362 112609at3193         -            300    0.0071   14.3   0.4   1   2   0.00012     0.021   12.7   0.2     3    43     8    48     6    56 0.93 -
h1tg000004l:98530960-98532045 -            362 112609at3193         -            300    0.0071   14.3   0.4   2   2       6.2   1.1e+03   -2.8   0.0   264   285    89   110    67   119 0.73 -
h1tg000005l:69006240-69007851 -            445 112609at3193         -            300    0.0076   14.2   0.2   1   1   8.7e-05     0.016   13.1   0.2     5    52    46    94    42   155 0.74 -
h1tg000012l:3745237-3746487   -            417 112609at3193         -            300     0.013   13.4   0.0   1   2   0.00081      0.15    9.9   0.0     6    42    75   111    70   156 0.90 -
h1tg000012l:3745237-3746487   -            417 112609at3193         -            300     0.013   13.4   0.0   2   2      0.57     1e+02    0.6   0.0   151   170   371   390   335   395 0.79 -
h1tg000009l:17450899-17451627 -            243 112609at3193         -            300     0.015   13.2   0.9   1   3       3.3     6e+02   -1.9   0.0    84    95     3    14     2    24 0.82 -
h1tg000009l:17450899-17451627 -            243 112609at3193         -            300     0.015   13.2   0.9   2   3      0.11        20    2.9   0.1   140   172   105   137    32   143 0.79 -
h1tg000009l:17450899-17451627 -            243 112609at3193         -            300     0.015   13.2   0.9   3   3    0.0046      0.83    7.5   0.0    79   121   148   194   144   204 0.77 -
h1tg000001l:84313472-84313702 -             77 112609at3193         -            300     0.038   11.8   0.0   1   1   0.00024     0.043   11.7   0.0     3    44    18    59    17    71 0.84 -
#
# Program:         hmmsearch
# Version:         3.1b2 (February 2015)
# Pipeline mode:   SEARCH
# Query file:      /public/groups/meyerlab/ditt/assemblies/hifiasm/default/busco_downloads/lineages/embryophyta_odb10/hmms/112609at3193.hmm
# Target file:     /public/groups/meyerlab/ditt/assemblies/hifiasm/default/busco_hap1_o/run_embryophyta_odb10/metaeuk_output/initial_results/ditt_contamfiltered_hifiasm.asm.bp.hap1.p_ctg.fa.modified.fas
# Option settings: hmmsearch --domtblout /public/groups/meyerlab/ditt/assemblies/hifiasm/default/busco_hap1_o/run_embryophyta_odb10/hmmer_output/initial_run_results/112609at3193.out --cpu 1 /public/groups/meyerlab/ditt/assemblies/hifiasm/default/busco_downloads/lineages/embryophyta_odb10/hmms/112609at3193.hmm /public/groups/meyerlab/ditt/assemblies/hifiasm/default/busco_hap1_o/run_embryophyta_odb10/metaeuk_output/initial_results/ditt_contamfiltered_hifiasm.asm.bp.hap1.p_ctg.fa.modified.fas 
# Current dir:     /public/groups/meyerlab/ditt/assemblies/hifiasm/default
# Date:            Mon Oct 17 13:48:28 2022
# [ok]
