A	C	G	T	N	IUPAC	Other	GC	GC_stdev
0.3224	0.1773	0.1776	0.3228	0.0001	0.0000	0.0000	0.3548	0.0539

Main genome scaffold total:         	200
Main genome contig total:           	320
Main genome scaffold sequence total:	816669767
Main genome contig sequence total:  	816609767  	0.007% gap
Main genome scaffold N/L50:         	4/96368975
Main genome contig N/L50:           	8/31451482
Main genome scaffold N/L90:         	8/72230863
Main genome contig N/L90:           	31/5393000
Max scaffold length:                	112042449
Max contig length:                  	67096000
Number of scaffolds > 50 KB:        	58
% main genome in scaffolds > 50 KB: 	99.70%


Minimum 	Number        	Number        	Total         	Total         	Scaffold
Scaffold	of            	of            	Scaffold      	Contig        	Contig  
Length  	Scaffolds     	Contigs       	Length        	Length        	Coverage
--------	--------------	--------------	--------------	--------------	--------
    All 	           200	           320	     816669767	     816609767	  99.99%
    500 	           200	           320	     816669767	     816609767	  99.99%
   1000 	           200	           320	     816669767	     816609767	  99.99%
   2500 	           178	           298	     816639921	     816579921	  99.99%
   5000 	           172	           292	     816617570	     816557570	  99.99%
  10000 	           148	           268	     816435895	     816375895	  99.99%
  25000 	            96	           216	     815536754	     815476754	  99.99%
  50000 	            58	           178	     814255919	     814195919	  99.99%
 100000 	            32	           152	     812483398	     812423398	  99.99%
 250000 	            16	           135	     809988167	     809928667	  99.99%
 500000 	            10	           122	     808215146	     808159146	  99.99%
1000000 	             9	           121	     807575146	     807519146	  99.99%
2500000 	             9	           121	     807575146	     807519146	  99.99%
5000000 	             9	           121	     807575146	     807519146	  99.99%
10000000 	             9	           121	     807575146	     807519146	  99.99%
25000000 	             9	           121	     807575146	     807519146	  99.99%
50000000 	             9	           121	     807575146	     807519146	  99.99%
100000000 	             2	            16	     222240331	     222233331	 100.00%

