/public/groups/meyerlab/software/quast-5.2.0/quast.py dittrichia_adapterfilt_default_hap2.fasta --large -o quast_hap2 -t 12

Version: 5.2.0, 3d87c606

System information:
  OS: Linux-3.10.0-1127.19.1.el7.x86_64-x86_64-with-glibc2.17 (linux_64)
  Python version: 3.10.4
  CPUs number: 64

Started: 2022-12-19 10:49:16

Logging to /public/groups/meyerlab/ditt/gapclose/adapterfilt-default/quast_hap2/quast.log

CWD: /public/groups/meyerlab/ditt/gapclose/adapterfilt-default
Main parameters: 
  MODE: large, threads: 12, eukaryotic: true, min contig length: 3000, min alignment length: 500, \
  min alignment IDY: 95.0, ambiguity: one, min local misassembly length: 200, min extensive misassembly length: 7000

Contigs:
  Pre-processing...
  dittrichia_adapterfilt_default_hap2.fasta ==> dittrichia_adapterfilt_default_hap2

2022-12-19 10:50:19
Running Basic statistics processor...
  Contig files: 
    dittrichia_adapterfilt_default_hap2
  Calculating N50 and L50...
    dittrichia_adapterfilt_default_hap2, N50 = 96379130, L50 = 4, auN = 90132935.4, Total length = 824374962, GC % = 35.66, # N's per 100 kbp =  6.49
  Drawing Nx plot...
    saved to /public/groups/meyerlab/ditt/gapclose/adapterfilt-default/quast_hap2/basic_stats/Nx_plot.pdf
  Drawing cumulative plot...
    saved to /public/groups/meyerlab/ditt/gapclose/adapterfilt-default/quast_hap2/basic_stats/cumulative_plot.pdf
  Drawing GC content plot...
    saved to /public/groups/meyerlab/ditt/gapclose/adapterfilt-default/quast_hap2/basic_stats/GC_content_plot.pdf
  Drawing dittrichia_adapterfilt_default_hap2 GC content plot...
    saved to /public/groups/meyerlab/ditt/gapclose/adapterfilt-default/quast_hap2/basic_stats/dittrichia_adapterfilt_default_hap2_GC_content_plot.pdf
Done.

NOTICE: Genes are not predicted by default. Use --gene-finding or --glimmer option to enable it.

2022-12-19 10:51:32
Creating large visual summaries...
This may take a while: press Ctrl-C to skip this step..
  1 of 2: Creating PDF with all tables and plots...
  2 of 2: Creating Icarus viewers...
Done

2022-12-19 10:51:51
RESULTS:
  Text versions of total report are saved to /public/groups/meyerlab/ditt/gapclose/adapterfilt-default/quast_hap2/report.txt, report.tsv, and report.tex
  Text versions of transposed total report are saved to /public/groups/meyerlab/ditt/gapclose/adapterfilt-default/quast_hap2/transposed_report.txt, transposed_report.tsv, and transposed_report.tex
  HTML version (interactive tables and plots) is saved to /public/groups/meyerlab/ditt/gapclose/adapterfilt-default/quast_hap2/report.html
  PDF version (tables and plots) is saved to /public/groups/meyerlab/ditt/gapclose/adapterfilt-default/quast_hap2/report.pdf
  Icarus (contig browser) is saved to /public/groups/meyerlab/ditt/gapclose/adapterfilt-default/quast_hap2/icarus.html
  Log is saved to /public/groups/meyerlab/ditt/gapclose/adapterfilt-default/quast_hap2/quast.log

Finished: 2022-12-19 10:51:52
Elapsed time: 0:02:36.671404
NOTICEs: 1; WARNINGs: 0; non-fatal ERRORs: 0

Thank you for using QUAST!
