A	C	G	T	N	IUPAC	Other	GC	GC_stdev
0.3208	0.1791	0.1792	0.3209	0.0000	0.0000	0.0000	0.3583	0.0593

Main genome scaffold total:         	239
Main genome contig total:           	263
Main genome scaffold sequence total:	834887115
Main genome contig sequence total:  	834875115  	0.001% gap
Main genome scaffold N/L50:         	4/97072500
Main genome contig N/L50:           	5/74882263
Main genome scaffold N/L90:         	9/65980500
Main genome contig N/L90:           	11/33965294
Max scaffold length:                	113376000
Max contig length:                  	111094000
Number of scaffolds > 50 KB:        	119
% main genome in scaffolds > 50 KB: 	99.55%


Minimum 	Number        	Number        	Total         	Total         	Scaffold
Scaffold	of            	of            	Scaffold      	Contig        	Contig  
Length  	Scaffolds     	Contigs       	Length        	Length        	Coverage
--------	--------------	--------------	--------------	--------------	--------
    All 	           239	           263	     834887115	     834875115	 100.00%
    500 	           239	           263	     834887115	     834875115	 100.00%
   1000 	           239	           263	     834887115	     834875115	 100.00%
   2500 	           236	           260	     834882115	     834870115	 100.00%
   5000 	           235	           259	     834877501	     834865501	 100.00%
  10000 	           231	           255	     834841656	     834829656	 100.00%
  25000 	           203	           227	     834270512	     834258512	 100.00%
  50000 	           119	           143	     831118523	     831106523	 100.00%
 100000 	            58	            81	     826676937	     826665437	 100.00%
 250000 	            15	            37	     820400633	     820389633	 100.00%
 500000 	            11	            33	     818973885	     818962885	 100.00%
1000000 	            10	            32	     818357230	     818346230	 100.00%
2500000 	             9	            18	     816921854	     816917354	 100.00%
5000000 	             9	            18	     816921854	     816917354	 100.00%
10000000 	             9	            18	     816921854	     816917354	 100.00%
25000000 	             9	            18	     816921854	     816917354	 100.00%
50000000 	             9	            18	     816921854	     816917354	 100.00%
100000000 	             2	             4	     224470000	     224469000	 100.00%

