A	C	G	T	N	IUPAC	Other	GC	GC_stdev
0.3226	0.1774	0.1775	0.3225	0.0001	0.0000	0.0000	0.3549	0.0686

Main genome scaffold total:         	147
Main genome contig total:           	237
Main genome scaffold sequence total:	818833466
Main genome contig sequence total:  	818788466  	0.005% gap
Main genome scaffold N/L50:         	4/97024229
Main genome contig N/L50:           	9/35094957
Main genome scaffold N/L90:         	8/72347166
Main genome contig N/L90:           	26/8759407
Max scaffold length:                	112597038
Max contig length:                  	67332000
Number of scaffolds > 50 KB:        	51
% main genome in scaffolds > 50 KB: 	99.78%


Minimum 	Number        	Number        	Total         	Total         	Scaffold
Scaffold	of            	of            	Scaffold      	Contig        	Contig  
Length  	Scaffolds     	Contigs       	Length        	Length        	Coverage
--------	--------------	--------------	--------------	--------------	--------
    All 	           147	           237	     818833466	     818788466	  99.99%
    500 	           147	           237	     818833466	     818788466	  99.99%
   1000 	           147	           237	     818833466	     818788466	  99.99%
   2500 	           135	           225	     818817132	     818772132	  99.99%
   5000 	           126	           216	     818781967	     818736967	  99.99%
  10000 	           116	           206	     818707265	     818662265	  99.99%
  25000 	            86	           174	     818199163	     818155163	  99.99%
  50000 	            54	           142	     817143552	     817099552	  99.99%
 100000 	            33	           119	     815741074	     815698074	  99.99%
 250000 	            15	           101	     812971140	     812928140	  99.99%
 500000 	            10	            96	     811192986	     811149986	  99.99%
1000000 	             9	            95	     810545636	     810502636	  99.99%
2500000 	             9	            95	     810545636	     810502636	  99.99%
5000000 	             9	            95	     810545636	     810502636	  99.99%
10000000 	             9	            95	     810545636	     810502636	  99.99%
25000000 	             9	            95	     810545636	     810502636	  99.99%
50000000 	             9	            95	     810545636	     810502636	  99.99%
100000000 	             2	            17	     223322703	     223315203	 100.00%

