/public/groups/meyerlab/software/quast-5.2.0/quast.py ditt_contamfiltered_hifiasm_l0.asm.bp.a_ctg.fa --large -o quast_alt_o -t 12

Version: 5.2.0, 3d87c606

System information:
  OS: Linux-3.10.0-1127.19.1.el7.x86_64-x86_64-with-glibc2.17 (linux_64)
  Python version: 3.9.12
  CPUs number: 64

Started: 2022-10-12 12:15:32

Logging to /public/groups/meyerlab/ditt/assemblies/hifiasm/homozygous/quast_alt_o/quast.log

CWD: /public/groups/meyerlab/ditt/assemblies/hifiasm/homozygous
Main parameters: 
  MODE: large, threads: 12, eukaryotic: true, min contig length: 3000, min alignment length: 500, \
  min alignment IDY: 95.0, ambiguity: one, min local misassembly length: 200, min extensive misassembly length: 7000

WARNING: Can't draw plots: python-matplotlib is missing or corrupted.

Contigs:
  Pre-processing...
  ditt_contamfiltered_hifiasm_l0.asm.bp.a_ctg.fa ==> ditt_contamfiltered_hifiasm_l0.asm.bp.a_ctg

2022-10-12 12:15:33
Running Basic statistics processor...
  Contig files: 
    ditt_contamfiltered_hifiasm_l0.asm.bp.a_ctg
  Calculating N50 and L50...
    ditt_contamfiltered_hifiasm_l0.asm.bp.a_ctg, N50 = 33981, L50 = 83, auN = 33256.0, Total length = 6464768, GC % = 35.36, # N's per 100 kbp =  0.00
Done.

NOTICE: Genes are not predicted by default. Use --gene-finding or --glimmer option to enable it.

2022-10-12 12:15:34
Creating large visual summaries...
This may take a while: press Ctrl-C to skip this step..
  1 of 1: Creating Icarus viewers...
Done

2022-10-12 12:15:34
RESULTS:
  Text versions of total report are saved to /public/groups/meyerlab/ditt/assemblies/hifiasm/homozygous/quast_alt_o/report.txt, report.tsv, and report.tex
  Text versions of transposed total report are saved to /public/groups/meyerlab/ditt/assemblies/hifiasm/homozygous/quast_alt_o/transposed_report.txt, transposed_report.tsv, and transposed_report.tex
  HTML version (interactive tables and plots) is saved to /public/groups/meyerlab/ditt/assemblies/hifiasm/homozygous/quast_alt_o/report.html
  Icarus (contig browser) is saved to /public/groups/meyerlab/ditt/assemblies/hifiasm/homozygous/quast_alt_o/icarus.html
  Log is saved to /public/groups/meyerlab/ditt/assemblies/hifiasm/homozygous/quast_alt_o/quast.log

Finished: 2022-10-12 12:15:34
Elapsed time: 0:00:02.413327
NOTICEs: 1; WARNINGs: 1; non-fatal ERRORs: 0

Thank you for using QUAST!
