A	C	G	T	N	IUPAC	Other	GC	GC_stdev
0.3216	0.1783	0.1783	0.3219	0.0001	0.0000	0.0000	0.3566	0.0985

Main genome scaffold total:         	292
Main genome contig total:           	399
Main genome scaffold sequence total:	824394591
Main genome contig sequence total:  	824341091  	0.006% gap
Main genome scaffold N/L50:         	4/96379130
Main genome contig N/L50:           	10/28806266
Main genome scaffold N/L90:         	9/65833185
Main genome contig N/L90:           	33/7510803
Max scaffold length:                	112033024
Max contig length:                  	67028000
Number of scaffolds > 50 KB:        	120
% main genome in scaffolds > 50 KB: 	99.49%


Minimum 	Number        	Number        	Total         	Total         	Scaffold
Scaffold	of            	of            	Scaffold      	Contig        	Contig  
Length  	Scaffolds     	Contigs       	Length        	Length        	Coverage
--------	--------------	--------------	--------------	--------------	--------
    All 	           292	           399	     824394591	     824341091	  99.99%
    500 	           292	           399	     824394591	     824341091	  99.99%
   1000 	           292	           399	     824394591	     824341091	  99.99%
   2500 	           282	           389	     824380591	     824327091	  99.99%
   5000 	           277	           384	     824365777	     824312277	  99.99%
  10000 	           262	           369	     824260943	     824207443	  99.99%
  25000 	           202	           309	     823172452	     823118952	  99.99%
  50000 	           121	           228	     820251953	     820198453	  99.99%
 100000 	            60	           165	     816063517	     816011017	  99.99%
 250000 	            17	           121	     809528079	     809476079	  99.99%
 500000 	            11	           115	     807563217	     807511217	  99.99%
1000000 	             9	           113	     806108217	     806056217	  99.99%
2500000 	             9	           113	     806108217	     806056217	  99.99%
5000000 	             9	           113	     806108217	     806056217	  99.99%
10000000 	             9	           113	     806108217	     806056217	  99.99%
25000000 	             9	           113	     806108217	     806056217	  99.99%
50000000 	             9	           113	     806108217	     806056217	  99.99%
100000000 	             2	            20	     222479224	     222470224	 100.00%

