easy-predict --threads 24 /public/groups/meyerlab/ditt/assemblies/hifiasm/hom_omnic_adapterfilt/ditt_adapterfilt_hifiasm_l0_omnic.asm.hic.hap2.p_ctg.fa /public/groups/meyerlab/ditt/assemblies/hifiasm/hom_omnic_adapterfilt/busco_p_o/run_embryophyta_odb10/metaeuk_output/refseq_db_rerun.faa /public/groups/meyerlab/ditt/assemblies/hifiasm/hom_omnic_adapterfilt/busco_p_o/run_embryophyta_odb10/metaeuk_output/rerun_results/ditt_adapterfilt_hifiasm_l0_omnic.asm.hic.hap2.p_ctg.fa /public/groups/meyerlab/ditt/assemblies/hifiasm/hom_omnic_adapterfilt/busco_p_o/run_embryophyta_odb10/metaeuk_output/tmp --max-intron 90000 --max-seq-len 120000 --min-exon-aa 5 --max-overlap 5 --min-intron 1 --overlap 1 -s 6 

MMseqs Version:                                             	6.a5d39d9
Substitution matrix                                         	aa:blosum62.out,nucl:nucleotide.out
Add backtrace                                               	false
Alignment mode                                              	2
Alignment mode                                              	0
Allow wrapped scoring                                       	false
E-value threshold                                           	100
Seq. id. threshold                                          	0
Min alignment length                                        	0
Seq. id. mode                                               	0
Alternative alignments                                      	0
Coverage threshold                                          	0
Coverage mode                                               	0
Max sequence length                                         	120000
Compositional bias                                          	1
Compositional bias                                          	1
Max reject                                                  	2147483647
Max accept                                                  	2147483647
Include identical seq. id.                                  	false
Preload mode                                                	0
Pseudo count a                                              	substitution:1.100,context:1.400
Pseudo count b                                              	substitution:4.100,context:5.800
Score bias                                                  	0
Realign hits                                                	false
Realign score bias                                          	-0.2
Realign max seqs                                            	2147483647
Correlation score weight                                    	0
Gap open cost                                               	aa:11,nucl:5
Gap extension cost                                          	aa:1,nucl:2
Zdrop                                                       	40
Threads                                                     	24
Compressed                                                  	0
Verbosity                                                   	3
Seed substitution matrix                                    	aa:VTML80.out,nucl:nucleotide.out
Sensitivity                                                 	6
k-mer length                                                	0
k-score                                                     	seq:2147483647,prof:2147483647
Alphabet size                                               	aa:21,nucl:5
Max results per query                                       	300
Split database                                              	0
Split mode                                                  	2
Split memory limit                                          	0
Diagonal scoring                                            	true
Exact k-mer matching                                        	0
Mask residues                                               	1
Mask residues probability                                   	0.9
Mask lower case residues                                    	0
Minimum diagonal score                                      	15
Spaced k-mers                                               	1
Spaced k-mer pattern                                        	
Local temporary path                                        	
Rescore mode                                                	0
Remove hits by seq. id. and coverage                        	false
Sort results                                                	0
Mask profile                                                	1
Profile E-value threshold                                   	0.001
Global sequence weighting                                   	false
Allow deletions                                             	false
Filter MSA                                                  	1
Use filter only at N seqs                                   	0
Maximum seq. id. threshold                                  	0.9
Minimum seq. id.                                            	0.0
Minimum score per column                                    	-20
Minimum coverage                                            	0
Select N most diverse seqs                                  	1000
Pseudo count mode                                           	0
Gap pseudo count                                            	10
Min codons in orf                                           	15
Max codons in length                                        	32734
Max orf gaps                                                	2147483647
Contig start mode                                           	2
Contig end mode                                             	2
Orf start mode                                              	1
Forward frames                                              	1,2,3
Reverse frames                                              	1,2,3
Translation table                                           	1
Translate orf                                               	0
Use all table starts                                        	false
Offset of numeric ids                                       	0
Create lookup                                               	0
Add orf stop                                                	false
Overlap between sequences                                   	0
Sequence split mode                                         	1
Header split mode                                           	0
Chain overlapping alignments                                	0
Merge query                                                 	1
Search type                                                 	0
Search iterations                                           	1
Start sensitivity                                           	4
Search steps                                                	1
Exhaustive search mode                                      	false
Filter results during exhaustive search                     	0
Strand selection                                            	1
LCA search mode                                             	false
Disk space limit                                            	0
MPI runner                                                  	
Force restart with latest tmp                               	false
Remove temporary files                                      	false
maximal combined evalue of an optimal set                   	0.001
minimal length ratio between combined optimal set and target	0.5
Maximal intron length                                       	90000
Minimal intron length                                       	1
Minimal exon length aa                                      	5
Maximal overlap of exons                                    	5
Maximal number of exon sets                                 	1
Gap open penalty                                            	-1
Gap extend penalty                                          	-1
allow same-strand overlaps                                  	1
translate codons to AAs                                     	0
write target key instead of accession                       	0
write fragment contig coords                                	0
Reverse AA Fragments                                        	0

createdb /public/groups/meyerlab/ditt/assemblies/hifiasm/hom_omnic_adapterfilt/ditt_adapterfilt_hifiasm_l0_omnic.asm.hic.hap2.p_ctg.fa /public/groups/meyerlab/ditt/assemblies/hifiasm/hom_omnic_adapterfilt/busco_p_o/run_embryophyta_odb10/metaeuk_output/tmp/7400313127563202331/contigs --dbtype 2 --compressed 0 -v 3 

Converting sequences
[
Time for merging to contigs_h: 0h 0m 0s 178ms
Time for merging to contigs: 0h 0m 3s 416ms
Database type: Nucleotide
Time for processing: 0h 0m 9s 365ms
createdb /public/groups/meyerlab/ditt/assemblies/hifiasm/hom_omnic_adapterfilt/busco_p_o/run_embryophyta_odb10/metaeuk_output/refseq_db_rerun.faa /public/groups/meyerlab/ditt/assemblies/hifiasm/hom_omnic_adapterfilt/busco_p_o/run_embryophyta_odb10/metaeuk_output/tmp/7400313127563202331/targets --dbtype 1 --compressed 0 -v 3 

Converting sequences
[
Time for merging to targets_h: 0h 0m 0s 194ms
Time for merging to targets: 0h 0m 0s 187ms
Database type: Aminoacid
Time for processing: 0h 0m 1s 0ms
Create directory /public/groups/meyerlab/ditt/assemblies/hifiasm/hom_omnic_adapterfilt/busco_p_o/run_embryophyta_odb10/metaeuk_output/tmp/7400313127563202331/tmp_predict
predictexons /public/groups/meyerlab/ditt/assemblies/hifiasm/hom_omnic_adapterfilt/busco_p_o/run_embryophyta_odb10/metaeuk_output/tmp/7400313127563202331/contigs /public/groups/meyerlab/ditt/assemblies/hifiasm/hom_omnic_adapterfilt/busco_p_o/run_embryophyta_odb10/metaeuk_output/tmp/7400313127563202331/targets /public/groups/meyerlab/ditt/assemblies/hifiasm/hom_omnic_adapterfilt/busco_p_o/run_embryophyta_odb10/metaeuk_output/tmp/7400313127563202331/MetaEuk_calls /public/groups/meyerlab/ditt/assemblies/hifiasm/hom_omnic_adapterfilt/busco_p_o/run_embryophyta_odb10/metaeuk_output/tmp/7400313127563202331/tmp_predict --sub-mat 'aa:blosum62.out,nucl:nucleotide.out' -a 0 --alignment-mode 2 --alignment-output-mode 0 --wrapped-scoring 0 -e 100 --min-seq-id 0 --min-aln-len 0 --seq-id-mode 0 --alt-ali 0 -c 0 --cov-mode 0 --max-seq-len 120000 --comp-bias-corr 1 --comp-bias-corr-scale 1 --max-rejected 2147483647 --max-accept 2147483647 --add-self-matches 0 --db-load-mode 0 --pca substitution:1.100,context:1.400 --pcb substitution:4.100,context:5.800 --score-bias 0 --realign 0 --realign-score-bias -0.2 --realign-max-seqs 2147483647 --corr-score-weight 0 --gap-open aa:11,nucl:5 --gap-extend aa:1,nucl:2 --zdrop 40 --threads 24 --compressed 0 -v 3 --seed-sub-mat 'aa:VTML80.out,nucl:nucleotide.out' -s 6 -k 0 --k-score seq:2147483647,prof:2147483647 --alph-size aa:21,nucl:5 --max-seqs 300 --split 0 --split-mode 2 --split-memory-limit 0 --diag-score 1 --exact-kmer-matching 0 --mask 1 --mask-prob 0.9 --mask-lower-case 0 --min-ungapped-score 15 --spaced-kmer-mode 1 --rescore-mode 0 --filter-hits 0 --sort-results 0 --mask-profile 1 --e-profile 0.001 --wg 0 --allow-deletion 0 --filter-msa 1 --filter-min-enable 0 --max-seq-id 0.9 --qid '0.0' --qsc -20 --cov 0 --diff 1000 --pseudo-cnt-mode 0 --gap-pc 10 --min-length 15 --max-length 32734 --max-gaps 2147483647 --contig-start-mode 2 --contig-end-mode 2 --orf-start-mode 1 --forward-frames 1,2,3 --reverse-frames 1,2,3 --translation-table 1 --translate 0 --use-all-table-starts 0 --id-offset 0 --create-lookup 0 --add-orf-stop 0 --sequence-overlap 0 --sequence-split-mode 1 --headers-split-mode 0 --chain-alignments 0 --merge-query 1 --search-type 0 --num-iterations 1 --start-sens 4 --sens-steps 1 --exhaustive-search 0 --exhaustive-search-filter 0 --strand 1 --lca-search 0 --disk-space-limit 0 --force-reuse 0 --remove-tmp-files 0 --metaeuk-eval 0.001 --metaeuk-tcov 0.5 --max-intron 90000 --min-intron 1 --min-exon-aa 5 --max-overlap 5 --max-exon-sets 1 --set-gap-open -1 --set-gap-extend -1 --reverse-fragments 0 

extractorfs /public/groups/meyerlab/ditt/assemblies/hifiasm/hom_omnic_adapterfilt/busco_p_o/run_embryophyta_odb10/metaeuk_output/tmp/7400313127563202331/contigs /public/groups/meyerlab/ditt/assemblies/hifiasm/hom_omnic_adapterfilt/busco_p_o/run_embryophyta_odb10/metaeuk_output/tmp/7400313127563202331/tmp_predict/13809062854047030241/nucl_6f --min-length 15 --max-length 32734 --max-gaps 2147483647 --contig-start-mode 2 --contig-end-mode 2 --orf-start-mode 1 --forward-frames 1,2,3 --reverse-frames 1,2,3 --translation-table 1 --translate 0 --use-all-table-starts 0 --id-offset 0 --create-lookup 0 --threads 24 --compressed 0 -v 3 

[=================================================================] 159 8s 33ms
Time for merging to nucl_6f_h: 0h 0m 19s 453ms
Time for merging to nucl_6f: 0h 0m 29s 925ms
Time for processing: 0h 1m 37s 511ms
translatenucs /public/groups/meyerlab/ditt/assemblies/hifiasm/hom_omnic_adapterfilt/busco_p_o/run_embryophyta_odb10/metaeuk_output/tmp/7400313127563202331/tmp_predict/13809062854047030241/nucl_6f /public/groups/meyerlab/ditt/assemblies/hifiasm/hom_omnic_adapterfilt/busco_p_o/run_embryophyta_odb10/metaeuk_output/tmp/7400313127563202331/tmp_predict/13809062854047030241/aa_6f --translation-table 1 --add-orf-stop 0 -v 3 --compressed 0 --threads 24 

[=================================================================] 35.81M 42s 353ms
Time for merging to aa_6f: 0h 0m 35s 93ms
Time for processing: 0h 1m 27s 813ms
Create directory /public/groups/meyerlab/ditt/assemblies/hifiasm/hom_omnic_adapterfilt/busco_p_o/run_embryophyta_odb10/metaeuk_output/tmp/7400313127563202331/tmp_predict/13809062854047030241/tmp_search
search /public/groups/meyerlab/ditt/assemblies/hifiasm/hom_omnic_adapterfilt/busco_p_o/run_embryophyta_odb10/metaeuk_output/tmp/7400313127563202331/tmp_predict/13809062854047030241/aa_6f /public/groups/meyerlab/ditt/assemblies/hifiasm/hom_omnic_adapterfilt/busco_p_o/run_embryophyta_odb10/metaeuk_output/tmp/7400313127563202331/targets /public/groups/meyerlab/ditt/assemblies/hifiasm/hom_omnic_adapterfilt/busco_p_o/run_embryophyta_odb10/metaeuk_output/tmp/7400313127563202331/tmp_predict/13809062854047030241/search_res /public/groups/meyerlab/ditt/assemblies/hifiasm/hom_omnic_adapterfilt/busco_p_o/run_embryophyta_odb10/metaeuk_output/tmp/7400313127563202331/tmp_predict/13809062854047030241/tmp_search --sub-mat 'aa:blosum62.out,nucl:nucleotide.out' -a 0 --alignment-mode 2 --alignment-output-mode 0 --wrapped-scoring 0 -e 100 --min-seq-id 0 --min-aln-len 5 --seq-id-mode 0 --alt-ali 0 -c 0 --cov-mode 0 --max-seq-len 120000 --comp-bias-corr 1 --comp-bias-corr-scale 1 --max-rejected 2147483647 --max-accept 2147483647 --add-self-matches 0 --db-load-mode 0 --pca substitution:1.100,context:1.400 --pcb substitution:4.100,context:5.800 --score-bias 0 --realign 0 --realign-score-bias -0.2 --realign-max-seqs 2147483647 --corr-score-weight 0 --gap-open aa:11,nucl:5 --gap-extend aa:1,nucl:2 --zdrop 40 --threads 24 --compressed 0 -v 3 --seed-sub-mat 'aa:VTML80.out,nucl:nucleotide.out' -s 6 -k 0 --k-score seq:2147483647,prof:2147483647 --alph-size aa:21,nucl:5 --max-seqs 300 --split 0 --split-mode 2 --split-memory-limit 0 --diag-score 1 --exact-kmer-matching 0 --mask 1 --mask-prob 0.9 --mask-lower-case 0 --min-ungapped-score 15 --spaced-kmer-mode 1 --rescore-mode 0 --filter-hits 0 --sort-results 0 --mask-profile 1 --e-profile 0.001 --wg 0 --allow-deletion 0 --filter-msa 1 --filter-min-enable 0 --max-seq-id 0.9 --qid '0.0' --qsc -20 --cov 0 --diff 1000 --pseudo-cnt-mode 0 --gap-pc 10 --min-length 15 --max-length 32734 --max-gaps 2147483647 --contig-start-mode 2 --contig-end-mode 2 --orf-start-mode 1 --forward-frames 1,2,3 --reverse-frames 1,2,3 --translation-table 1 --translate 0 --use-all-table-starts 0 --id-offset 0 --create-lookup 0 --add-orf-stop 0 --sequence-overlap 0 --sequence-split-mode 1 --headers-split-mode 0 --chain-alignments 0 --merge-query 1 --search-type 0 --num-iterations 1 --start-sens 4 --sens-steps 1 --exhaustive-search 0 --exhaustive-search-filter 0 --strand 1 --lca-search 0 --disk-space-limit 0 --force-reuse 0 --remove-tmp-files 0 

prefilter /public/groups/meyerlab/ditt/assemblies/hifiasm/hom_omnic_adapterfilt/busco_p_o/run_embryophyta_odb10/metaeuk_output/tmp/7400313127563202331/tmp_predict/13809062854047030241/aa_6f /public/groups/meyerlab/ditt/assemblies/hifiasm/hom_omnic_adapterfilt/busco_p_o/run_embryophyta_odb10/metaeuk_output/tmp/7400313127563202331/targets /public/groups/meyerlab/ditt/assemblies/hifiasm/hom_omnic_adapterfilt/busco_p_o/run_embryophyta_odb10/metaeuk_output/tmp/7400313127563202331/tmp_predict/13809062854047030241/tmp_search/17691621405943922182/pref_0 --sub-mat 'aa:blosum62.out,nucl:nucleotide.out' --seed-sub-mat 'aa:VTML80.out,nucl:nucleotide.out' -k 0 --k-score seq:2147483647,prof:2147483647 --alph-size aa:21,nucl:5 --max-seq-len 120000 --max-seqs 300 --split 0 --split-mode 2 --split-memory-limit 0 -c 0 --cov-mode 0 --comp-bias-corr 1 --comp-bias-corr-scale 1 --diag-score 1 --exact-kmer-matching 0 --mask 1 --mask-prob 0.9 --mask-lower-case 0 --min-ungapped-score 15 --add-self-matches 0 --spaced-kmer-mode 1 --db-load-mode 0 --pca substitution:1.100,context:1.400 --pcb substitution:4.100,context:5.800 --threads 24 --compressed 0 -v 3 -s 6.0 

Query database size: 35812285 type: Aminoacid
Estimated memory consumption: 990M
Target database size: 3064 type: Aminoacid
Index table k-mer threshold: 109 at k-mer size 6 
Index table: counting k-mers
[=================================================================] 3.06K 0s 48ms
Index table: Masked residues: 49569
Index table: fill
[=================================================================] 3.06K 0s 36ms
Index statistics
Entries:          1288842
DB size:          495 MB
Avg k-mer size:   0.020138
Top 10 k-mers
    LGAREA	115
    VPGDQH	111
    GVPGHL	107
    YPLAIL	107
    VHFERS	107
    SKASSR	104
    GGPGVT	104
    PGRRPV	104
    KSDRNL	102
    FIDHTL	102
Time for index table init: 0h 0m 1s 296ms
Process prefiltering step 1 of 1

k-mer similarity threshold: 109
Starting prefiltering scores calculation (step 1 of 1)
Query db start 1 to 35812285
Target db start 1 to 3064
[=================================================================] 35.81M 27m 18s 833ms

312.677437 k-mers per position
157 DB matches per sequence
0 overflows
0 queries produce too many hits (truncated result)
1 sequences passed prefiltering per query sequence
0 median result list length
22233979 sequences with 0 size result lists
Time for merging to pref_0: 0h 0m 34s 385ms
Time for processing: 0h 28m 56s 691ms
align /public/groups/meyerlab/ditt/assemblies/hifiasm/hom_omnic_adapterfilt/busco_p_o/run_embryophyta_odb10/metaeuk_output/tmp/7400313127563202331/tmp_predict/13809062854047030241/aa_6f /public/groups/meyerlab/ditt/assemblies/hifiasm/hom_omnic_adapterfilt/busco_p_o/run_embryophyta_odb10/metaeuk_output/tmp/7400313127563202331/targets /public/groups/meyerlab/ditt/assemblies/hifiasm/hom_omnic_adapterfilt/busco_p_o/run_embryophyta_odb10/metaeuk_output/tmp/7400313127563202331/tmp_predict/13809062854047030241/tmp_search/17691621405943922182/pref_0 /public/groups/meyerlab/ditt/assemblies/hifiasm/hom_omnic_adapterfilt/busco_p_o/run_embryophyta_odb10/metaeuk_output/tmp/7400313127563202331/tmp_predict/13809062854047030241/search_res --sub-mat 'aa:blosum62.out,nucl:nucleotide.out' -a 0 --alignment-mode 2 --alignment-output-mode 0 --wrapped-scoring 0 -e 100 --min-seq-id 0 --min-aln-len 5 --seq-id-mode 0 --alt-ali 0 -c 0 --cov-mode 0 --max-seq-len 120000 --comp-bias-corr 1 --comp-bias-corr-scale 1 --max-rejected 2147483647 --max-accept 2147483647 --add-self-matches 0 --db-load-mode 0 --pca substitution:1.100,context:1.400 --pcb substitution:4.100,context:5.800 --score-bias 0 --realign 0 --realign-score-bias -0.2 --realign-max-seqs 2147483647 --corr-score-weight 0 --gap-open aa:11,nucl:5 --gap-extend aa:1,nucl:2 --zdrop 40 --threads 24 --compressed 0 -v 3 

Compute score and coverage
Query database size: 35812285 type: Aminoacid
Target database size: 3064 type: Aminoacid
Calculation of alignments
[=================================================================] 35.81M 1m 26s 783ms
Time for merging to search_res: 0h 0m 29s 174ms
44204737 alignments calculated
17175334 sequence pairs passed the thresholds (0.388541 of overall calculated)
0.479593 hits per query sequence
Time for processing: 0h 2m 13s 8ms
resultspercontig /public/groups/meyerlab/ditt/assemblies/hifiasm/hom_omnic_adapterfilt/busco_p_o/run_embryophyta_odb10/metaeuk_output/tmp/7400313127563202331/contigs /public/groups/meyerlab/ditt/assemblies/hifiasm/hom_omnic_adapterfilt/busco_p_o/run_embryophyta_odb10/metaeuk_output/tmp/7400313127563202331/tmp_predict/13809062854047030241/nucl_6f /public/groups/meyerlab/ditt/assemblies/hifiasm/hom_omnic_adapterfilt/busco_p_o/run_embryophyta_odb10/metaeuk_output/tmp/7400313127563202331/tmp_predict/13809062854047030241/search_res /public/groups/meyerlab/ditt/assemblies/hifiasm/hom_omnic_adapterfilt/busco_p_o/run_embryophyta_odb10/metaeuk_output/tmp/7400313127563202331/tmp_predict/13809062854047030241/search_res_by_contig --threads 24 --compressed 0 -v 3 

Computing ORF lookup
Computing contig offsets
Computing contig lookup
Time for contig lookup: 0h 0m 7s 124ms
[=================================================================] 159 32s 814ms
Time for merging to search_res_by_contig: 0h 0m 0s 177ms
Time for processing: 0h 0m 59s 36ms
collectoptimalset /public/groups/meyerlab/ditt/assemblies/hifiasm/hom_omnic_adapterfilt/busco_p_o/run_embryophyta_odb10/metaeuk_output/tmp/7400313127563202331/tmp_predict/13809062854047030241/search_res_by_contig /public/groups/meyerlab/ditt/assemblies/hifiasm/hom_omnic_adapterfilt/busco_p_o/run_embryophyta_odb10/metaeuk_output/tmp/7400313127563202331/targets /public/groups/meyerlab/ditt/assemblies/hifiasm/hom_omnic_adapterfilt/busco_p_o/run_embryophyta_odb10/metaeuk_output/tmp/7400313127563202331/tmp_predict/13809062854047030241/dp_predictions --metaeuk-eval 0.001 --metaeuk-tcov 0.5 --max-intron 90000 --min-intron 1 --min-exon-aa 5 --max-overlap 5 --max-exon-sets 1 --set-gap-open -1 --set-gap-extend -1 --score-bias 0 --threads 24 --compressed 0 -v 3 

[=================================================================] 159 23s 530ms
Time for merging to dp_predictions: 0h 0m 0s 88ms
Time for processing: 0h 0m 23s 982ms
mvdb /public/groups/meyerlab/ditt/assemblies/hifiasm/hom_omnic_adapterfilt/busco_p_o/run_embryophyta_odb10/metaeuk_output/tmp/7400313127563202331/tmp_predict/13809062854047030241/dp_predictions /public/groups/meyerlab/ditt/assemblies/hifiasm/hom_omnic_adapterfilt/busco_p_o/run_embryophyta_odb10/metaeuk_output/tmp/7400313127563202331/MetaEuk_calls 

Time for processing: 0h 0m 0s 93ms
reduceredundancy /public/groups/meyerlab/ditt/assemblies/hifiasm/hom_omnic_adapterfilt/busco_p_o/run_embryophyta_odb10/metaeuk_output/tmp/7400313127563202331/MetaEuk_calls /public/groups/meyerlab/ditt/assemblies/hifiasm/hom_omnic_adapterfilt/busco_p_o/run_embryophyta_odb10/metaeuk_output/tmp/7400313127563202331/MetaEuk_preds /public/groups/meyerlab/ditt/assemblies/hifiasm/hom_omnic_adapterfilt/busco_p_o/run_embryophyta_odb10/metaeuk_output/tmp/7400313127563202331/MetaEuk_preds_clust --overlap 1 --threads 24 --compressed 0 -v 3 

[=================================================================] 159 0s 40ms
Time for merging to MetaEuk_preds_clust: 0h 0m 0s 203ms
Time for merging to MetaEuk_preds: 0h 0m 0s 190ms
Time for processing: 0h 0m 1s 105ms
unitesetstofasta /public/groups/meyerlab/ditt/assemblies/hifiasm/hom_omnic_adapterfilt/busco_p_o/run_embryophyta_odb10/metaeuk_output/tmp/7400313127563202331/contigs /public/groups/meyerlab/ditt/assemblies/hifiasm/hom_omnic_adapterfilt/busco_p_o/run_embryophyta_odb10/metaeuk_output/tmp/7400313127563202331/targets /public/groups/meyerlab/ditt/assemblies/hifiasm/hom_omnic_adapterfilt/busco_p_o/run_embryophyta_odb10/metaeuk_output/tmp/7400313127563202331/MetaEuk_preds /public/groups/meyerlab/ditt/assemblies/hifiasm/hom_omnic_adapterfilt/busco_p_o/run_embryophyta_odb10/metaeuk_output/rerun_results/ditt_adapterfilt_hifiasm_l0_omnic.asm.hic.hap2.p_ctg.fa --protein 0 --translation-table 1 --target-key 0 --write-frag-coords 0 --max-seq-len 120000 --threads 24 -v 3 

[=================================================================] 159 0s 27ms
Time for merging to ditt_adapterfilt_hifiasm_l0_omnic.asm.hic.hap2.p_ctg.fa.fas: 0h 0m 0s 210ms
Time for merging to ditt_adapterfilt_hifiasm_l0_omnic.asm.hic.hap2.p_ctg.fa.codon.fas: 0h 0m 0s 166ms
Time for merging to ditt_adapterfilt_hifiasm_l0_omnic.asm.hic.hap2.p_ctg.fa.headersMap.tsv: 0h 0m 0s 170ms
Time for merging to ditt_adapterfilt_hifiasm_l0_omnic.asm.hic.hap2.p_ctg.fa.gff: 0h 0m 0s 131ms
Time for processing: 0h 0m 1s 395ms
