A	C	G	T	N	IUPAC	Other	GC	GC_stdev
0.3209	0.1791	0.1793	0.3208	0.0001	0.0000	0.0000	0.3583	0.0990

Main genome scaffold total:         	261
Main genome contig total:           	406
Main genome scaffold sequence total:	834947615
Main genome contig sequence total:  	834875115  	0.009% gap
Main genome scaffold N/L50:         	4/96898007
Main genome contig N/L50:           	7/49414000
Main genome scaffold N/L90:         	8/72586500
Main genome contig N/L90:           	22/9915138
Max scaffold length:                	118792862
Max contig length:                  	78738042
Number of scaffolds > 50 KB:        	104
% main genome in scaffolds > 50 KB: 	99.52%


Minimum 	Number        	Number        	Total         	Total         	Scaffold
Scaffold	of            	of            	Scaffold      	Contig        	Contig  
Length  	Scaffolds     	Contigs       	Length        	Length        	Coverage
--------	--------------	--------------	--------------	--------------	--------
    All 	           261	           406	     834947615	     834875115	  99.99%
    500 	           261	           406	     834947615	     834875115	  99.99%
   1000 	           261	           406	     834947615	     834875115	  99.99%
   2500 	           247	           392	     834926606	     834854106	  99.99%
   5000 	           242	           387	     834910459	     834837959	  99.99%
  10000 	           232	           377	     834835330	     834762830	  99.99%
  25000 	           183	           328	     833935047	     833862547	  99.99%
  50000 	           106	           250	     831055763	     830983763	  99.99%
 100000 	            53	           193	     827462983	     827392983	  99.99%
 250000 	            16	           155	     822232149	     822162649	  99.99%
 500000 	            10	           149	     820080808	     820011308	  99.99%
1000000 	             9	           148	     819095808	     819026308	  99.99%
2500000 	             9	           148	     819095808	     819026308	  99.99%
5000000 	             9	           148	     819095808	     819026308	  99.99%
10000000 	             9	           148	     819095808	     819026308	  99.99%
25000000 	             9	           148	     819095808	     819026308	  99.99%
50000000 	             9	           148	     819095808	     819026308	  99.99%
100000000 	             2	            91	     231457921	     231413421	  99.98%

