Contig01+40233962	HiC_scaffold_261	99.982	22094	4	0	1	22094	163603	141510	0.0	40786
Contig01+40233962	HiC_scaffold_261	99.982	22094	4	0	1	22094	330964	308871	0.0	40786
Contig01+40233962	HiC_scaffold_261	97.778	135	3	0	3739	3873	68392	68258	7.67e-58	233
Contig01+40233962	HiC_scaffold_261	97.778	135	3	0	3739	3873	235753	235619	7.67e-58	233
Contig01+40233962	HiC_scaffold_261	96.748	123	4	0	8381	8503	425514	425392	1.67e-49	206
Contig01+40233962	HiC_scaffold_261	96.774	62	2	0	9096	9157	169992	170053	6.28e-19	104
Contig01+40233962	HiC_scaffold_261	96.774	62	2	0	9096	9157	337353	337414	6.28e-19	104
Contig01+40233962	HiC_scaffold_261	90.667	75	3	3	3512	3586	105541	105611	1.05e-16	97.1
Contig01+40233962	HiC_scaffold_261	90.667	75	3	3	3512	3586	272902	272972	1.05e-16	97.1
Contig01+40233962	HiC_scaffold_261	98.077	52	0	1	10661	10711	467966	468017	1.76e-14	89.8
Contig01+40233962	HiC_scaffold_261	100.000	29	0	0	8559	8587	18103	18075	6.41e-04	54.7
Contig01+40233962	HiC_scaffold_261	100.000	29	0	0	8559	8587	392488	392460	6.41e-04	54.7
Contig01+40233962	HiC_scaffold_7	99.077	3790	32	2	1	3788	2707828	2704040	0.0	6809
Contig01+40233962	HiC_scaffold_7	98.854	349	4	0	17262	17610	18357945	18357597	3.90e-175	623
Contig01+40233962	HiC_scaffold_7	99.107	224	2	0	5012	5235	18358453	18358676	5.53e-109	403
Contig01+40233962	HiC_scaffold_7	97.674	172	3	1	6015	6185	39841180	39841009	3.47e-76	294
Contig01+40233962	HiC_scaffold_7	91.905	210	12	4	18899	19107	17760684	17760889	1.61e-74	289
Contig01+40233962	HiC_scaffold_7	91.099	191	15	1	11143	11333	99915637	99915825	4.55e-65	257
Contig01+40233962	HiC_scaffold_7	95.000	140	5	1	18730	18867	15491778	15491917	2.15e-53	219
Contig01+40233962	HiC_scaffold_7	94.853	136	7	0	17951	18086	103139923	103139788	1.00e-51	213
Contig01+40233962	HiC_scaffold_7	93.662	142	8	1	4662	4802	10574414	10574555	3.60e-51	211
Contig01+40233962	HiC_scaffold_7	98.305	118	2	0	970	1087	110053378	110053261	4.65e-50	207
Contig01+40233962	HiC_scaffold_7	96.748	123	4	0	8381	8503	2671422	2671300	1.67e-49	206
Contig01+40233962	HiC_scaffold_7	96.154	104	4	0	14557	14660	45598948	45599051	6.10e-39	171
Contig01+40233962	HiC_scaffold_7	97.980	99	1	1	3935	4033	112066787	112066884	6.10e-39	171
Contig01+40233962	HiC_scaffold_7	95.918	98	4	0	2491	2588	41692277	41692180	1.32e-35	159
Contig01+40233962	HiC_scaffold_7	96.429	84	3	0	4008	4091	76490332	76490249	1.72e-29	139
Contig01+40233962	HiC_scaffold_7	97.500	80	2	0	10423	10502	107228316	107228237	6.19e-29	137
Contig01+40233962	HiC_scaffold_7	93.407	91	6	0	11328	11418	82610510	82610420	2.23e-28	135
Contig01+40233962	HiC_scaffold_7	83.553	152	15	6	13388	13529	13254701	13254550	8.01e-28	134
Contig01+40233962	HiC_scaffold_7	100.000	67	0	0	6693	6759	110468254	110468188	4.82e-25	124
Contig01+40233962	HiC_scaffold_7	90.323	93	9	0	20762	20854	93476581	93476673	1.73e-24	122
Contig01+40233962	HiC_scaffold_7	98.485	66	1	0	11248	11313	6610827	6610892	8.06e-23	117
Contig01+40233962	HiC_scaffold_7	87.500	104	8	3	6849	6947	80684051	80683948	2.90e-22	115
Contig01+40233962	HiC_scaffold_7	97.015	67	2	0	14843	14909	6628254	6628320	1.04e-21	113
Contig01+40233962	HiC_scaffold_7	94.667	75	0	2	21540	21614	78975450	78975520	1.04e-21	113
Contig01+40233962	HiC_scaffold_7	98.413	63	1	0	3581	3643	66934288	66934350	3.75e-21	111
Contig01+40233962	HiC_scaffold_7	96.875	64	2	0	565	628	109422918	109422855	4.85e-20	108
Contig01+40233962	HiC_scaffold_7	96.774	62	2	0	9096	9157	2714217	2714278	6.28e-19	104
Contig01+40233962	HiC_scaffold_7	88.506	87	9	1	16099	16185	6607625	6607710	6.28e-19	104
Contig01+40233962	HiC_scaffold_7	98.333	60	0	1	14205	14263	78975449	78975390	6.28e-19	104
Contig01+40233962	HiC_scaffold_7	96.774	62	2	0	18293	18354	103139726	103139787	6.28e-19	104
Contig01+40233962	HiC_scaffold_7	96.774	62	1	1	14447	14508	94285233	94285173	2.26e-18	102
Contig01+40233962	HiC_scaffold_7	100.000	54	0	0	11902	11955	61967502	61967555	8.12e-18	100
Contig01+40233962	HiC_scaffold_7	96.721	61	1	1	1258	1318	105330503	105330444	8.12e-18	100
Contig01+40233962	HiC_scaffold_7	98.182	55	1	0	6886	6940	11860977	11860923	1.05e-16	97.1
Contig01+40233962	HiC_scaffold_7	96.552	58	2	0	13261	13318	13074701	13074644	1.05e-16	97.1
Contig01+40233962	HiC_scaffold_7	90.541	74	6	1	18079	18152	81854977	81855049	1.05e-16	97.1
Contig01+40233962	HiC_scaffold_7	98.182	55	1	0	15881	15935	91933851	91933797	1.05e-16	97.1
Contig01+40233962	HiC_scaffold_7	98.077	52	1	0	9715	9766	79726717	79726768	4.89e-15	91.6
Contig01+40233962	HiC_scaffold_7	100.000	49	0	0	2931	2979	88866116	88866164	4.89e-15	91.6
Contig01+40233962	HiC_scaffold_7	93.333	60	3	1	4436	4494	79640641	79640700	6.32e-14	87.9
Contig01+40233962	HiC_scaffold_7	96.154	52	1	1	10661	10711	2696829	2696880	8.18e-13	84.2
Contig01+40233962	HiC_scaffold_7	97.872	47	1	0	16560	16606	93135960	93136006	2.94e-12	82.4
Contig01+40233962	HiC_scaffold_7	97.826	46	1	0	12053	12098	1265929	1265884	1.06e-11	80.5
Contig01+40233962	HiC_scaffold_7	100.000	43	0	0	20936	20978	58788609	58788651	1.06e-11	80.5
Contig01+40233962	HiC_scaffold_7	94.231	52	3	0	17435	17486	81062851	81062800	1.06e-11	80.5
Contig01+40233962	HiC_scaffold_7	95.833	48	2	0	7923	7970	93295905	93295858	3.81e-11	78.7
Contig01+40233962	HiC_scaffold_7	100.000	40	0	0	7926	7965	84205391	84205430	4.92e-10	75.0
Contig01+40233962	HiC_scaffold_7	97.619	42	1	0	12119	12160	90798682	90798641	1.77e-09	73.1
Contig01+40233962	HiC_scaffold_7	97.561	41	1	0	8949	8989	64204739	64204779	6.37e-09	71.3
Contig01+40233962	HiC_scaffold_7	88.136	59	7	0	5480	5538	68574350	68574408	6.37e-09	71.3
Contig01+40233962	HiC_scaffold_7	88.136	59	7	0	5480	5538	68575709	68575767	6.37e-09	71.3
Contig01+40233962	HiC_scaffold_7	88.136	59	7	0	5480	5538	68577565	68577623	6.37e-09	71.3
Contig01+40233962	HiC_scaffold_7	88.136	59	7	0	5480	5538	68579095	68579153	6.37e-09	71.3
Contig01+40233962	HiC_scaffold_7	88.136	59	7	0	5480	5538	68580957	68581015	6.37e-09	71.3
Contig01+40233962	HiC_scaffold_7	88.136	59	7	0	5480	5538	68582316	68582374	6.37e-09	71.3
Contig01+40233962	HiC_scaffold_7	88.136	59	7	0	5480	5538	68584187	68584245	6.37e-09	71.3
Contig01+40233962	HiC_scaffold_7	88.136	59	7	0	5480	5538	68586058	68586116	6.37e-09	71.3
Contig01+40233962	HiC_scaffold_7	88.136	59	7	0	5480	5538	68587588	68587646	6.37e-09	71.3
Contig01+40233962	HiC_scaffold_7	88.136	59	7	0	5480	5538	68589450	68589508	6.37e-09	71.3
Contig01+40233962	HiC_scaffold_7	88.136	59	7	0	5480	5538	68590809	68590867	6.37e-09	71.3
Contig01+40233962	HiC_scaffold_7	88.136	59	7	0	5480	5538	68592680	68592738	6.37e-09	71.3
Contig01+40233962	HiC_scaffold_7	88.136	59	7	0	5480	5538	68594551	68594609	6.37e-09	71.3
Contig01+40233962	HiC_scaffold_7	92.000	50	1	3	17525	17574	15390806	15390852	8.24e-08	67.6
Contig01+40233962	HiC_scaffold_7	97.368	38	1	0	9060	9097	41692701	41692738	2.96e-07	65.8
Contig01+40233962	HiC_scaffold_7	100.000	34	0	0	14375	14408	97091131	97091164	1.07e-06	63.9
Contig01+40233962	HiC_scaffold_7	97.222	36	1	0	13709	13744	71082087	71082052	3.83e-06	62.1
Contig01+40233962	HiC_scaffold_7	94.737	38	1	1	10001	10038	83044311	83044347	4.96e-05	58.4
Contig01+40233962	HiC_scaffold_7	100.000	31	0	0	21147	21177	95335894	95335924	4.96e-05	58.4
Contig01+40233962	HiC_scaffold_7	100.000	30	0	0	14318	14347	2907296	2907325	1.78e-04	56.5
Contig01+40233962	HiC_scaffold_7	100.000	30	0	0	22065	22094	52897833	52897862	1.78e-04	56.5
Contig01+40233962	HiC_scaffold_7	94.444	36	2	0	7652	7687	96125220	96125255	1.78e-04	56.5
Contig01+40233962	HiC_scaffold_7	100.000	28	0	0	12164	12191	18654413	18654386	0.002	52.8
Contig01+40233962	HiC_scaffold_2	98.778	1309	16	0	17541	18849	65801680	65802988	0.0	2329
Contig01+40233962	HiC_scaffold_2	98.354	243	4	0	15798	16040	59712061	59712303	3.28e-116	427
Contig01+40233962	HiC_scaffold_2	98.230	226	3	1	3251	3475	71154657	71154882	3.33e-106	394
Contig01+40233962	HiC_scaffold_2	98.578	211	3	0	1336	1546	25652951	25653161	4.33e-100	374
Contig01+40233962	HiC_scaffold_2	98.578	211	3	0	1336	1546	25671737	25671527	4.33e-100	374
Contig01+40233962	HiC_scaffold_2	99.020	102	1	0	14081	14182	21094499	21094600	7.84e-43	183
Contig01+40233962	HiC_scaffold_2	87.662	154	19	0	17942	18095	5629107	5628954	1.01e-41	180
Contig01+40233962	HiC_scaffold_2	100.000	92	0	0	1743	1834	50764689	50764780	6.10e-39	171
Contig01+40233962	HiC_scaffold_2	100.000	92	0	0	9063	9154	64624490	64624399	6.10e-39	171
Contig01+40233962	HiC_scaffold_2	98.913	92	1	0	1743	1834	50823278	50823187	2.84e-37	165
Contig01+40233962	HiC_scaffold_2	97.701	87	2	0	6035	6121	3545915	3545829	7.95e-33	150
Contig01+40233962	HiC_scaffold_2	93.814	97	6	0	20545	20641	62135015	62135111	1.03e-31	147
Contig01+40233962	HiC_scaffold_2	91.429	105	9	0	6327	6431	7859476	7859372	3.70e-31	145
Contig01+40233962	HiC_scaffold_2	94.565	92	5	0	20219	20310	9528547	9528456	1.33e-30	143
Contig01+40233962	HiC_scaffold_2	100.000	72	0	0	346	417	10967236	10967307	8.01e-28	134
Contig01+40233962	HiC_scaffold_2	98.507	67	0	1	10522	10587	60677515	60677581	8.06e-23	117
Contig01+40233962	HiC_scaffold_2	98.462	65	1	0	18194	18258	63806046	63806110	2.90e-22	115
Contig01+40233962	HiC_scaffold_2	96.923	65	2	0	20550	20614	69852983	69853047	1.35e-20	110
Contig01+40233962	HiC_scaffold_2	95.522	67	1	1	13918	13984	2692533	2692469	1.75e-19	106
Contig01+40233962	HiC_scaffold_2	96.667	60	2	0	3348	3407	18271113	18271054	8.12e-18	100
Contig01+40233962	HiC_scaffold_2	96.552	58	2	0	18882	18939	76967295	76967352	1.05e-16	97.1
Contig01+40233962	HiC_scaffold_2	98.148	54	1	0	8182	8235	58760696	58760749	3.78e-16	95.3
Contig01+40233962	HiC_scaffold_2	96.429	56	1	1	18285	18340	58760802	58760748	4.89e-15	91.6
Contig01+40233962	HiC_scaffold_2	97.959	49	1	0	3030	3078	62994486	62994438	2.27e-13	86.1
Contig01+40233962	HiC_scaffold_2	100.000	46	0	0	4530	4575	75373351	75373396	2.27e-13	86.1
Contig01+40233962	HiC_scaffold_2	100.000	45	0	0	8991	9035	53280207	53280163	8.18e-13	84.2
Contig01+40233962	HiC_scaffold_2	95.918	49	2	0	4811	4859	8642139	8642091	1.06e-11	80.5
Contig01+40233962	HiC_scaffold_2	92.727	55	4	0	4902	4956	9729115	9729169	1.06e-11	80.5
Contig01+40233962	HiC_scaffold_2	100.000	43	0	0	15845	15887	74027127	74027169	1.06e-11	80.5
Contig01+40233962	HiC_scaffold_2	97.778	45	1	0	21001	21045	49003780	49003824	3.81e-11	78.7
Contig01+40233962	HiC_scaffold_2	88.710	62	7	0	3401	3462	63003977	63003916	1.37e-10	76.8
Contig01+40233962	HiC_scaffold_2	97.619	42	0	1	1041	1081	24931587	24931546	6.37e-09	71.3
Contig01+40233962	HiC_scaffold_2	100.000	37	0	0	11730	11766	47006413	47006377	2.29e-08	69.4
Contig01+40233962	HiC_scaffold_2	91.304	46	4	0	9080	9125	63323310	63323355	1.07e-06	63.9
Contig01+40233962	HiC_scaffold_2	100.000	29	0	0	17522	17550	32816618	32816590	6.41e-04	54.7
Contig01+40233962	HiC_scaffold_4	96.673	511	16	1	607	1117	34844302	34844811	0.0	848
Contig01+40233962	HiC_scaffold_4	96.386	415	13	1	3897	4311	34845221	34844809	0.0	682
Contig01+40233962	HiC_scaffold_4	89.583	480	34	5	5381	5860	62840635	62840172	8.50e-167	595
Contig01+40233962	HiC_scaffold_4	100.000	171	0	0	7232	7402	52349370	52349200	7.41e-83	316
Contig01+40233962	HiC_scaffold_4	93.596	203	11	1	3376	3578	10370765	10370565	2.07e-78	302
Contig01+40233962	HiC_scaffold_4	93.596	203	11	1	3376	3578	10414095	10413895	2.07e-78	302
Contig01+40233962	HiC_scaffold_4	93.103	203	12	1	3376	3578	10381821	10381621	9.65e-77	296
Contig01+40233962	HiC_scaffold_4	93.056	144	9	1	9849	9992	50056939	50056797	1.29e-50	209
Contig01+40233962	HiC_scaffold_4	94.958	119	5	1	3866	3984	44696215	44696332	2.18e-43	185
Contig01+40233962	HiC_scaffold_4	97.000	100	3	0	9015	9114	41753201	41753102	2.20e-38	169
Contig01+40233962	HiC_scaffold_4	97.917	96	2	0	4073	4168	56232878	56232783	7.89e-38	167
Contig01+40233962	HiC_scaffold_4	87.407	135	9	2	1613	1747	42023220	42023094	2.86e-32	148
Contig01+40233962	HiC_scaffold_4	100.000	76	0	0	17154	17229	52923550	52923625	4.79e-30	141
Contig01+40233962	HiC_scaffold_4	98.718	78	1	0	9955	10032	42091534	42091611	1.72e-29	139
Contig01+40233962	HiC_scaffold_4	97.500	80	2	0	5098	5177	34074005	34073926	6.19e-29	137
Contig01+40233962	HiC_scaffold_4	94.118	85	5	0	6661	6745	6289452	6289368	1.04e-26	130
Contig01+40233962	HiC_scaffold_4	97.222	72	2	0	13067	13138	33358911	33358840	1.73e-24	122
Contig01+40233962	HiC_scaffold_4	97.183	71	1	1	10024	10094	3728007	3727938	2.24e-23	119
Contig01+40233962	HiC_scaffold_4	100.000	64	0	0	5913	5976	52528351	52528414	2.24e-23	119
Contig01+40233962	HiC_scaffold_4	98.413	63	1	0	20427	20489	52702972	52702910	3.75e-21	111
Contig01+40233962	HiC_scaffold_4	100.000	60	0	0	20983	21042	60767588	60767529	3.75e-21	111
Contig01+40233962	HiC_scaffold_4	98.387	62	1	0	11089	11150	33360010	33359949	1.35e-20	110
Contig01+40233962	HiC_scaffold_4	100.000	57	0	0	19048	19104	39130008	39129952	1.75e-19	106
Contig01+40233962	HiC_scaffold_4	100.000	54	0	0	4534	4587	55034147	55034094	8.12e-18	100
Contig01+40233962	HiC_scaffold_4	96.364	55	2	0	19941	19995	31100852	31100798	4.89e-15	91.6
Contig01+40233962	HiC_scaffold_4	93.333	60	4	0	20156	20215	51803605	51803664	1.76e-14	89.8
Contig01+40233962	HiC_scaffold_4	93.220	59	4	0	11913	11971	3728052	3728110	6.32e-14	87.9
Contig01+40233962	HiC_scaffold_4	96.154	52	2	0	398	449	16121637	16121688	2.27e-13	86.1
Contig01+40233962	HiC_scaffold_4	97.959	49	1	0	13283	13331	21678805	21678853	2.27e-13	86.1
Contig01+40233962	HiC_scaffold_4	100.000	42	0	0	512	553	232920	232961	3.81e-11	78.7
Contig01+40233962	HiC_scaffold_4	100.000	42	0	0	12119	12160	3409207	3409166	3.81e-11	78.7
Contig01+40233962	HiC_scaffold_4	95.745	47	2	0	9079	9125	42073356	42073310	1.37e-10	76.8
Contig01+40233962	HiC_scaffold_4	97.674	43	0	1	14816	14858	30349482	30349441	1.77e-09	73.1
Contig01+40233962	HiC_scaffold_4	97.674	43	0	1	14816	14858	31540208	31540249	1.77e-09	73.1
Contig01+40233962	HiC_scaffold_4	100.000	37	0	0	4687	4723	57370321	57370357	2.29e-08	69.4
Contig01+40233962	HiC_scaffold_4	95.349	43	0	2	19908	19948	39129951	39129909	8.24e-08	67.6
Contig01+40233962	HiC_scaffold_4	100.000	35	0	0	4654	4688	21468736	21468702	2.96e-07	65.8
Contig01+40233962	HiC_scaffold_4	100.000	35	0	0	13652	13686	34534385	34534419	2.96e-07	65.8
Contig01+40233962	HiC_scaffold_4	82.558	86	4	4	12861	12935	54563311	54563396	2.96e-07	65.8
Contig01+40233962	HiC_scaffold_4	100.000	34	0	0	8840	8873	64713705	64713672	1.07e-06	63.9
Contig01+40233962	HiC_scaffold_4	100.000	29	0	0	8184	8212	39163991	39164019	6.41e-04	54.7
Contig01+40233962	HiC_scaffold_1	97.119	486	14	0	9193	9678	114774218	114774703	0.0	821
Contig01+40233962	HiC_scaffold_1	89.078	412	35	8	4195	4605	85470428	85470830	5.30e-139	503
Contig01+40233962	HiC_scaffold_1	98.535	273	4	0	18730	19002	35960770	35961042	6.90e-133	483
Contig01+40233962	HiC_scaffold_1	96.327	245	9	0	10615	10859	72960298	72960054	5.53e-109	403
Contig01+40233962	HiC_scaffold_1	88.966	290	32	0	7812	8101	109180120	109179831	1.21e-95	359
Contig01+40233962	HiC_scaffold_1	94.089	203	11	1	12957	13159	73043902	73044103	4.46e-80	307
Contig01+40233962	HiC_scaffold_1	98.830	171	1	1	8556	8726	42584472	42584303	5.77e-79	303
Contig01+40233962	HiC_scaffold_1	83.696	276	39	5	5405	5676	110537834	110537561	1.64e-64	255
Contig01+40233962	HiC_scaffold_1	99.259	135	1	0	12522	12656	23727334	23727468	3.55e-61	244
Contig01+40233962	HiC_scaffold_1	94.268	157	9	0	684	840	91378569	91378725	4.59e-60	241
Contig01+40233962	HiC_scaffold_1	94.558	147	4	1	14409	14555	108434178	108434036	4.62e-55	224
Contig01+40233962	HiC_scaffold_1	97.692	130	2	1	20949	21077	40959451	40959322	1.66e-54	222
Contig01+40233962	HiC_scaffold_1	96.947	131	3	1	557	687	82653980	82653851	2.15e-53	219
Contig01+40233962	HiC_scaffold_1	100.000	112	0	0	7996	8107	34791902	34791791	4.65e-50	207
Contig01+40233962	HiC_scaffold_1	93.985	133	8	0	15344	15476	29084997	29085129	2.16e-48	202
Contig01+40233962	HiC_scaffold_1	98.000	100	2	0	455	554	94544821	94544722	4.72e-40	174
Contig01+40233962	HiC_scaffold_1	100.000	93	0	0	952	1044	55279973	55280065	1.70e-39	172
Contig01+40233962	HiC_scaffold_1	90.435	115	11	0	16876	16990	73946327	73946213	2.21e-33	152
Contig01+40233962	HiC_scaffold_1	95.699	93	4	0	7790	7882	113943205	113943297	7.95e-33	150
Contig01+40233962	HiC_scaffold_1	97.647	85	2	0	13792	13876	35284339	35284255	1.03e-31	147
Contig01+40233962	HiC_scaffold_1	95.604	91	4	0	6298	6388	94327221	94327131	1.03e-31	147
Contig01+40233962	HiC_scaffold_1	97.619	84	2	0	12583	12666	86740998	86740915	3.70e-31	145
Contig01+40233962	HiC_scaffold_1	97.590	83	2	0	12583	12665	86706608	86706526	1.33e-30	143
Contig01+40233962	HiC_scaffold_1	93.617	94	6	0	12846	12939	73012208	73012301	4.79e-30	141
Contig01+40233962	HiC_scaffold_1	93.407	91	6	0	21895	21985	72789535	72789445	2.23e-28	135
Contig01+40233962	HiC_scaffold_1	100.000	73	0	0	20365	20437	80392163	80392235	2.23e-28	135
Contig01+40233962	HiC_scaffold_1	97.368	76	2	0	12145	12220	25913434	25913509	1.04e-26	130
Contig01+40233962	HiC_scaffold_1	100.000	70	0	0	3012	3081	75236028	75235959	1.04e-26	130
Contig01+40233962	HiC_scaffold_1	97.297	74	2	0	6540	6613	74217788	74217715	1.34e-25	126
Contig01+40233962	HiC_scaffold_1	100.000	63	0	0	5537	5599	18378441	18378503	8.06e-23	117
Contig01+40233962	HiC_scaffold_1	100.000	62	0	0	14447	14508	19042837	19042898	2.90e-22	115
Contig01+40233962	HiC_scaffold_1	100.000	62	0	0	16850	16911	86265992	86266053	2.90e-22	115
Contig01+40233962	HiC_scaffold_1	100.000	61	0	0	19367	19427	59519322	59519262	1.04e-21	113
Contig01+40233962	HiC_scaffold_1	98.413	63	1	0	5640	5702	57702914	57702852	3.75e-21	111
Contig01+40233962	HiC_scaffold_1	98.387	62	1	0	14447	14508	9679014	9678953	1.35e-20	110
Contig01+40233962	HiC_scaffold_1	98.387	62	1	0	2242	2303	112818842	112818781	1.35e-20	110
Contig01+40233962	HiC_scaffold_1	100.000	58	0	0	14593	14650	71790220	71790277	4.85e-20	108
Contig01+40233962	HiC_scaffold_1	98.305	59	1	0	15519	15577	56894545	56894603	6.28e-19	104
Contig01+40233962	HiC_scaffold_1	98.333	60	0	1	7574	7633	71728490	71728432	6.28e-19	104
Contig01+40233962	HiC_scaffold_1	98.246	57	1	0	13869	13925	65604382	65604326	8.12e-18	100
Contig01+40233962	HiC_scaffold_1	95.312	64	1	1	20841	20904	90131973	90131912	8.12e-18	100
Contig01+40233962	HiC_scaffold_1	93.846	65	3	1	18212	18275	108874038	108873974	1.05e-16	97.1
Contig01+40233962	HiC_scaffold_1	84.783	92	14	0	20549	20640	66172075	66172166	1.36e-15	93.5
Contig01+40233962	HiC_scaffold_1	89.189	74	7	1	2794	2866	15267744	15267671	4.89e-15	91.6
Contig01+40233962	HiC_scaffold_1	87.500	80	9	1	5305	5384	88322892	88322970	4.89e-15	91.6
Contig01+40233962	HiC_scaffold_1	89.189	74	3	4	3513	3586	28478449	28478381	6.32e-14	87.9
Contig01+40233962	HiC_scaffold_1	96.154	52	2	0	8934	8985	79497806	79497857	2.27e-13	86.1
Contig01+40233962	HiC_scaffold_1	100.000	46	0	0	13733	13778	98494065	98494110	2.27e-13	86.1
Contig01+40233962	HiC_scaffold_1	96.078	51	2	0	17277	17327	26075577	26075627	8.18e-13	84.2
Contig01+40233962	HiC_scaffold_1	100.000	45	0	0	6456	6500	46504009	46503965	8.18e-13	84.2
Contig01+40233962	HiC_scaffold_1	100.000	44	0	0	3429	3472	56009592	56009635	2.94e-12	82.4
Contig01+40233962	HiC_scaffold_1	100.000	38	0	0	13787	13824	112299632	112299669	6.37e-09	71.3
Contig01+40233962	HiC_scaffold_1	84.722	72	4	3	10488	10559	80047084	80047148	2.96e-07	65.8
Contig01+40233962	HiC_scaffold_1	100.000	35	0	0	7938	7972	118615122	118615088	2.96e-07	65.8
Contig01+40233962	HiC_scaffold_1	91.111	45	4	0	12116	12160	59946249	59946293	3.83e-06	62.1
Contig01+40233962	HiC_scaffold_1	100.000	33	0	0	10659	10691	99806902	99806934	3.83e-06	62.1
Contig01+40233962	HiC_scaffold_1	100.000	33	0	0	10659	10691	99848887	99848919	3.83e-06	62.1
Contig01+40233962	HiC_scaffold_1	96.970	33	1	0	2178	2210	29329266	29329298	1.78e-04	56.5
Contig01+40233962	HiC_scaffold_1	100.000	29	0	0	8559	8587	7412602	7412630	6.41e-04	54.7
Contig01+40233962	HiC_scaffold_6	96.396	444	7	2	19123	19566	33871834	33871400	0.0	723
Contig01+40233962	HiC_scaffold_6	96.721	305	10	0	12914	13218	28250092	28250396	1.14e-140	508
Contig01+40233962	HiC_scaffold_6	98.258	287	5	0	15016	15302	33880556	33880270	5.30e-139	503
Contig01+40233962	HiC_scaffold_6	97.518	282	6	1	9606	9886	33877081	33876800	2.48e-132	481
Contig01+40233962	HiC_scaffold_6	88.889	369	37	4	19501	19866	7980847	7981214	1.95e-123	451
Contig01+40233962	HiC_scaffold_6	97.561	246	4	1	13750	13995	33889836	33890079	5.49e-114	420
Contig01+40233962	HiC_scaffold_6	98.104	211	4	0	4072	4282	33860533	33860743	2.02e-98	368
Contig01+40233962	HiC_scaffold_6	98.485	198	3	0	8346	8543	11264096	11263899	7.30e-93	350
Contig01+40233962	HiC_scaffold_6	99.415	171	1	0	6584	6754	33877944	33878114	3.45e-81	311
Contig01+40233962	HiC_scaffold_6	99.254	134	1	0	18977	19110	11263665	11263798	1.28e-60	243
Contig01+40233962	HiC_scaffold_6	97.080	137	3	1	14045	14181	33890078	33890213	9.93e-57	230
Contig01+40233962	HiC_scaffold_6	90.116	172	17	0	6993	7164	10270732	10270903	4.62e-55	224
Contig01+40233962	HiC_scaffold_6	94.483	145	8	0	10838	10982	31803280	31803136	4.62e-55	224
Contig01+40233962	HiC_scaffold_6	91.250	160	6	1	7757	7916	16147843	16147692	3.60e-51	211
Contig01+40233962	HiC_scaffold_6	97.541	122	2	1	5204	5325	21318474	21318594	4.65e-50	207
Contig01+40233962	HiC_scaffold_6	90.566	159	9	6	8350	8503	60803225	60803382	1.67e-49	206
Contig01+40233962	HiC_scaffold_6	91.558	154	5	1	6835	6980	88832731	88832578	1.67e-49	206
Contig01+40233962	HiC_scaffold_6	97.436	117	3	0	16620	16736	61375380	61375496	7.78e-48	200
Contig01+40233962	HiC_scaffold_6	97.938	97	2	0	19886	19982	19708804	19708708	2.20e-38	169
Contig01+40233962	HiC_scaffold_6	95.789	95	4	0	3779	3873	6953918	6953824	6.15e-34	154
Contig01+40233962	HiC_scaffold_6	89.147	129	5	3	16637	16757	10473640	10473513	2.21e-33	152
Contig01+40233962	HiC_scaffold_6	96.703	91	3	0	13679	13769	36292320	36292230	2.21e-33	152
Contig01+40233962	HiC_scaffold_6	97.753	89	0	2	17744	17831	97451356	97451443	2.21e-33	152
Contig01+40233962	HiC_scaffold_6	89.565	115	12	0	11510	11624	17505628	17505514	1.03e-31	147
Contig01+40233962	HiC_scaffold_6	96.341	82	3	0	10518	10599	35978389	35978308	2.23e-28	135
Contig01+40233962	HiC_scaffold_6	93.258	89	2	3	1650	1736	11450609	11450695	3.73e-26	128
Contig01+40233962	HiC_scaffold_6	95.714	70	3	0	9146	9215	430052	429983	1.04e-21	113
Contig01+40233962	HiC_scaffold_6	100.000	54	0	0	758	811	21318644	21318591	8.12e-18	100
Contig01+40233962	HiC_scaffold_6	96.610	59	2	0	19663	19721	81699142	81699084	2.92e-17	99.0
Contig01+40233962	HiC_scaffold_6	100.000	52	0	0	8477	8528	2402501	2402450	1.05e-16	97.1
Contig01+40233962	HiC_scaffold_6	76.077	209	33	13	5456	5652	96334289	96334492	1.36e-15	93.5
Contig01+40233962	HiC_scaffold_6	98.077	52	1	0	11878	11929	1943923	1943974	4.89e-15	91.6
Contig01+40233962	HiC_scaffold_6	100.000	48	0	0	20780	20827	25314442	25314395	1.76e-14	89.8
Contig01+40233962	HiC_scaffold_6	100.000	47	0	0	6794	6840	40913956	40913910	6.32e-14	87.9
Contig01+40233962	HiC_scaffold_6	96.154	52	2	0	14335	14386	6996468	6996519	2.27e-13	86.1
Contig01+40233962	HiC_scaffold_6	97.959	49	1	0	7941	7989	86970424	86970376	2.27e-13	86.1
Contig01+40233962	HiC_scaffold_6	100.000	45	0	0	7259	7303	54343166	54343122	8.18e-13	84.2
Contig01+40233962	HiC_scaffold_6	95.918	49	1	1	10504	10552	25186962	25187009	3.81e-11	78.7
Contig01+40233962	HiC_scaffold_6	86.076	79	3	4	15590	15668	88319942	88319872	3.81e-11	78.7
Contig01+40233962	HiC_scaffold_6	100.000	41	0	0	12644	12684	79324157	79324117	1.37e-10	76.8
Contig01+40233962	HiC_scaffold_6	97.619	42	1	0	21042	21083	71638027	71638068	1.77e-09	73.1
Contig01+40233962	HiC_scaffold_6	97.619	42	1	0	3420	3461	90985746	90985705	1.77e-09	73.1
Contig01+40233962	HiC_scaffold_6	97.500	40	1	0	10763	10802	25186800	25186839	2.29e-08	69.4
Contig01+40233962	HiC_scaffold_6	100.000	36	0	0	13051	13086	19811007	19810972	8.24e-08	67.6
Contig01+40233962	HiC_scaffold_6	100.000	36	0	0	10666	10701	99004381	99004346	8.24e-08	67.6
Contig01+40233962	HiC_scaffold_6	97.436	39	0	1	12991	13029	16264014	16264051	2.96e-07	65.8
Contig01+40233962	HiC_scaffold_6	97.436	39	0	1	12991	13029	16372971	16372934	2.96e-07	65.8
Contig01+40233962	HiC_scaffold_6	100.000	35	0	0	14069	14103	17286294	17286260	2.96e-07	65.8
Contig01+40233962	HiC_scaffold_6	100.000	33	0	0	17793	17825	70033004	70033036	3.83e-06	62.1
Contig01+40233962	HiC_scaffold_6	100.000	32	0	0	14161	14192	936119	936150	1.38e-05	60.2
Contig01+40233962	HiC_scaffold_6	92.683	41	3	0	3775	3815	31801713	31801673	1.38e-05	60.2
Contig01+40233962	HiC_scaffold_6	100.000	32	0	0	20709	20740	67716591	67716560	1.38e-05	60.2
Contig01+40233962	HiC_scaffold_6	100.000	28	0	0	8560	8587	54469930	54469903	0.002	52.8
Contig01+40233962	HiC_scaffold_3	96.750	400	11	2	5564	5962	38107354	38107752	0.0	665
Contig01+40233962	HiC_scaffold_3	96.599	147	4	1	288	434	76874513	76874368	1.28e-60	243
Contig01+40233962	HiC_scaffold_3	97.541	122	3	0	2419	2540	5395743	5395622	1.29e-50	209
Contig01+40233962	HiC_scaffold_3	90.076	131	13	0	7345	7475	21530676	21530546	6.10e-39	171
Contig01+40233962	HiC_scaffold_3	98.936	94	1	0	17461	17554	2318040	2317947	2.20e-38	169
Contig01+40233962	HiC_scaffold_3	98.889	90	1	0	8225	8314	16046935	16047024	3.67e-36	161
Contig01+40233962	HiC_scaffold_3	93.578	109	2	1	8381	8484	14656628	14656520	4.75e-35	158
Contig01+40233962	HiC_scaffold_3	98.734	79	1	0	13397	13475	24878787	24878865	4.79e-30	141
Contig01+40233962	HiC_scaffold_3	95.294	85	4	0	13112	13196	13351256	13351172	2.23e-28	135
Contig01+40233962	HiC_scaffold_3	100.000	72	0	0	19804	19875	18431209	18431138	8.01e-28	134
Contig01+40233962	HiC_scaffold_3	97.436	78	2	0	11097	11174	20649844	20649767	8.01e-28	134
Contig01+40233962	HiC_scaffold_3	100.000	72	0	0	9885	9956	24878453	24878524	8.01e-28	134
Contig01+40233962	HiC_scaffold_3	94.937	79	4	0	18845	18923	76874507	76874585	4.82e-25	124
Contig01+40233962	HiC_scaffold_3	97.260	73	1	1	2940	3012	28046135	28046206	1.73e-24	122
Contig01+40233962	HiC_scaffold_3	95.890	73	3	0	18481	18553	5395549	5395621	2.24e-23	119
Contig01+40233962	HiC_scaffold_3	100.000	62	0	0	14447	14508	21640079	21640140	2.90e-22	115
Contig01+40233962	HiC_scaffold_3	100.000	62	0	0	14447	14508	27860930	27860869	2.90e-22	115
Contig01+40233962	HiC_scaffold_3	96.970	66	2	0	686	751	23928089	23928154	3.75e-21	111
Contig01+40233962	HiC_scaffold_3	100.000	59	0	0	4869	4927	44023768	44023710	1.35e-20	110
Contig01+40233962	HiC_scaffold_3	95.522	67	3	0	4380	4446	32127770	32127836	4.85e-20	108
Contig01+40233962	HiC_scaffold_3	100.000	58	0	0	4627	4684	35799203	35799146	4.85e-20	108
Contig01+40233962	HiC_scaffold_3	96.774	62	2	0	5349	5410	303428	303489	6.28e-19	104
Contig01+40233962	HiC_scaffold_3	96.667	60	2	0	22035	22094	76887474	76887415	8.12e-18	100
Contig01+40233962	HiC_scaffold_3	95.161	62	3	0	14447	14508	8786479	8786418	2.92e-17	99.0
Contig01+40233962	HiC_scaffold_3	95.082	61	3	0	8381	8441	27548282	27548222	1.05e-16	97.1
Contig01+40233962	HiC_scaffold_3	98.148	54	1	0	6304	6357	89413818	89413871	3.78e-16	95.3
Contig01+40233962	HiC_scaffold_3	100.000	49	0	0	2531	2579	31423313	31423265	4.89e-15	91.6
Contig01+40233962	HiC_scaffold_3	100.000	49	0	0	6645	6693	35704000	35703952	4.89e-15	91.6
Contig01+40233962	HiC_scaffold_3	98.039	51	1	0	1966	2016	67201106	67201156	4.89e-15	91.6
Contig01+40233962	HiC_scaffold_3	100.000	48	0	0	11291	11338	5395933	5395886	1.76e-14	89.8
Contig01+40233962	HiC_scaffold_3	98.039	51	1	0	9667	9717	79337867	79337817	1.76e-14	89.8
Contig01+40233962	HiC_scaffold_3	100.000	46	0	0	13627	13672	7773946	7773901	2.27e-13	86.1
Contig01+40233962	HiC_scaffold_3	100.000	46	0	0	11125	11170	39585532	39585577	2.27e-13	86.1
Contig01+40233962	HiC_scaffold_3	94.545	55	0	1	10257	10308	9809851	9809905	2.94e-12	82.4
Contig01+40233962	HiC_scaffold_3	100.000	43	0	0	18240	18282	20975133	20975175	1.06e-11	80.5
Contig01+40233962	HiC_scaffold_3	97.872	47	0	1	11125	11171	24878404	24878359	1.06e-11	80.5
Contig01+40233962	HiC_scaffold_3	93.878	49	3	0	13863	13911	7274827	7274875	4.92e-10	75.0
Contig01+40233962	HiC_scaffold_3	93.878	49	3	0	6246	6294	85734552	85734504	4.92e-10	75.0
Contig01+40233962	HiC_scaffold_3	100.000	37	0	0	7416	7452	5369294	5369258	2.29e-08	69.4
Contig01+40233962	HiC_scaffold_3	100.000	36	0	0	15652	15687	35704035	35704000	8.24e-08	67.6
Contig01+40233962	HiC_scaffold_3	100.000	34	0	0	4519	4552	28799873	28799906	1.07e-06	63.9
Contig01+40233962	HiC_scaffold_3	100.000	33	0	0	3172	3204	95891692	95891724	3.83e-06	62.1
Contig01+40233962	HiC_scaffold_3	100.000	32	0	0	8460	8491	77748850	77748881	1.38e-05	60.2
Contig01+40233962	HiC_scaffold_3	100.000	31	0	0	3168	3198	35336859	35336829	4.96e-05	58.4
Contig01+40233962	HiC_scaffold_3	100.000	30	0	0	14446	14475	75141661	75141690	1.78e-04	56.5
Contig01+40233962	HiC_scaffold_5	99.433	353	1	1	7464	7815	47952017	47952369	3.87e-180	640
Contig01+40233962	HiC_scaffold_5	97.740	354	5	3	7464	7815	47956451	47956099	3.93e-170	606
Contig01+40233962	HiC_scaffold_5	98.810	336	4	0	17839	18174	47951779	47951444	6.57e-168	599
Contig01+40233962	HiC_scaffold_5	98.810	336	4	0	17839	18174	47956689	47957024	6.57e-168	599
Contig01+40233962	HiC_scaffold_5	93.791	306	2	2	5032	5337	84395666	84395378	3.26e-121	444
Contig01+40233962	HiC_scaffold_5	80.576	556	72	23	5445	5974	54850185	54850730	9.25e-107	396
Contig01+40233962	HiC_scaffold_5	96.429	168	5	1	8956	9123	11840210	11840044	1.26e-70	276
Contig01+40233962	HiC_scaffold_5	100.000	129	0	0	14089	14217	7815590	7815462	1.65e-59	239
Contig01+40233962	HiC_scaffold_5	95.333	150	6	1	21869	22018	19558405	19558553	5.93e-59	237
Contig01+40233962	HiC_scaffold_5	95.690	116	5	0	15303	15418	64227416	64227301	6.06e-44	187
Contig01+40233962	HiC_scaffold_5	98.990	99	1	0	2731	2829	47951345	47951443	3.65e-41	178
Contig01+40233962	HiC_scaffold_5	98.990	99	1	0	2731	2829	47957123	47957025	3.65e-41	178
Contig01+40233962	HiC_scaffold_5	91.870	123	10	0	8381	8503	29055178	29055300	1.70e-39	172
Contig01+40233962	HiC_scaffold_5	96.117	103	4	0	16341	16443	64226894	64226792	2.20e-38	169
Contig01+40233962	HiC_scaffold_5	98.889	90	1	0	7428	7517	63277763	63277674	3.67e-36	161
Contig01+40233962	HiC_scaffold_5	97.561	82	2	0	404	485	64226998	64226917	4.79e-30	141
Contig01+40233962	HiC_scaffold_5	93.684	95	4	2	15759	15852	84658259	84658166	4.79e-30	141
Contig01+40233962	HiC_scaffold_5	100.000	74	0	0	6379	6452	9416142	9416215	6.19e-29	137
Contig01+40233962	HiC_scaffold_5	95.181	83	3	1	1966	2048	63277843	63277762	8.01e-28	134
Contig01+40233962	HiC_scaffold_5	96.104	77	3	0	18518	18594	22339107	22339031	1.34e-25	126
Contig01+40233962	HiC_scaffold_5	98.551	69	1	0	21479	21547	50508942	50509010	1.73e-24	122
Contig01+40233962	HiC_scaffold_5	98.551	69	0	1	18704	18772	81218350	81218283	6.23e-24	121
Contig01+40233962	HiC_scaffold_5	98.507	67	1	0	6217	6283	2522254	2522188	2.24e-23	119
Contig01+40233962	HiC_scaffold_5	92.771	83	3	1	5576	5658	74060252	74060173	8.06e-23	117
Contig01+40233962	HiC_scaffold_5	93.590	78	3	2	21628	21704	2185667	2185591	2.90e-22	115
Contig01+40233962	HiC_scaffold_5	100.000	62	0	0	14447	14508	25006609	25006548	2.90e-22	115
Contig01+40233962	HiC_scaffold_5	100.000	62	0	0	14447	14508	25023187	25023126	2.90e-22	115
Contig01+40233962	HiC_scaffold_5	100.000	60	0	0	22035	22094	19538575	19538634	3.75e-21	111
Contig01+40233962	HiC_scaffold_5	93.333	75	5	0	4948	5022	61245738	61245812	3.75e-21	111
Contig01+40233962	HiC_scaffold_5	98.387	62	1	0	14447	14508	12189698	12189759	1.35e-20	110
Contig01+40233962	HiC_scaffold_5	98.387	62	1	0	9686	9747	12991410	12991349	1.35e-20	110
Contig01+40233962	HiC_scaffold_5	100.000	57	0	0	809	865	79573483	79573539	1.75e-19	106
Contig01+40233962	HiC_scaffold_5	92.958	71	5	0	18790	18860	25806737	25806807	6.28e-19	104
Contig01+40233962	HiC_scaffold_5	98.246	57	1	0	20903	20959	18502176	18502120	8.12e-18	100
Contig01+40233962	HiC_scaffold_5	95.161	62	3	0	15692	15753	3545872	3545811	2.92e-17	99.0
Contig01+40233962	HiC_scaffold_5	98.113	53	1	0	20995	21047	37596465	37596517	1.36e-15	93.5
Contig01+40233962	HiC_scaffold_5	96.429	56	1	1	15423	15478	20062595	20062649	4.89e-15	91.6
Contig01+40233962	HiC_scaffold_5	96.296	54	2	0	446	499	81405148	81405201	1.76e-14	89.8
Contig01+40233962	HiC_scaffold_5	93.333	60	3	1	18685	18743	21584253	21584312	6.32e-14	87.9
Contig01+40233962	HiC_scaffold_5	87.013	77	10	0	5438	5514	37655209	37655133	6.32e-14	87.9
Contig01+40233962	HiC_scaffold_5	100.000	46	0	0	5092	5137	18349985	18349940	2.27e-13	86.1
Contig01+40233962	HiC_scaffold_5	90.323	62	6	0	7268	7329	37596186	37596247	2.94e-12	82.4
Contig01+40233962	HiC_scaffold_5	97.619	42	1	0	12119	12160	77960945	77960904	1.77e-09	73.1
Contig01+40233962	HiC_scaffold_5	97.619	42	1	0	9734	9775	78153376	78153417	1.77e-09	73.1
Contig01+40233962	HiC_scaffold_5	100.000	38	0	0	3794	3831	43269815	43269852	6.37e-09	71.3
Contig01+40233962	HiC_scaffold_5	100.000	38	0	0	21319	21356	43270941	43270978	6.37e-09	71.3
Contig01+40233962	HiC_scaffold_5	95.349	43	2	0	5545	5587	56030466	56030508	2.29e-08	69.4
Contig01+40233962	HiC_scaffold_5	95.238	42	2	0	4479	4520	6073291	6073332	8.24e-08	67.6
Contig01+40233962	HiC_scaffold_5	100.000	36	0	0	5552	5587	56027128	56027163	8.24e-08	67.6
Contig01+40233962	HiC_scaffold_5	100.000	36	0	0	5552	5587	56031887	56031922	8.24e-08	67.6
Contig01+40233962	HiC_scaffold_5	100.000	34	0	0	13284	13317	60619898	60619865	1.07e-06	63.9
Contig01+40233962	HiC_scaffold_5	100.000	33	0	0	9196	9228	10576325	10576357	3.83e-06	62.1
Contig01+40233962	HiC_scaffold_5	100.000	32	0	0	7810	7841	13710630	13710599	1.38e-05	60.2
Contig01+40233962	HiC_scaffold_5	100.000	31	0	0	11006	11036	73844255	73844225	4.96e-05	58.4
Contig01+40233962	HiC_scaffold_5	100.000	30	0	0	8559	8588	3717592	3717621	1.78e-04	56.5
Contig01+40233962	HiC_scaffold_5	100.000	28	0	0	21985	22012	14360695	14360668	0.002	52.8
Contig01+40233962	HiC_scaffold_8_MOD	78.998	838	115	36	5178	5975	25048131	25047315	6.80e-143	516
Contig01+40233962	HiC_scaffold_8_MOD	94.141	256	15	0	712	967	20410169	20409914	4.30e-105	390
Contig01+40233962	HiC_scaffold_8_MOD	96.045	177	7	0	6561	6737	76989195	76989019	1.61e-74	289
Contig01+40233962	HiC_scaffold_8_MOD	89.177	231	19	3	19004	19232	80539025	80538799	7.51e-73	283
Contig01+40233962	HiC_scaffold_8_MOD	96.226	159	5	1	9484	9642	7083732	7083889	1.27e-65	259
Contig01+40233962	HiC_scaffold_8_MOD	96.774	155	5	0	5464	5618	10971021	10970867	1.27e-65	259
Contig01+40233962	HiC_scaffold_8_MOD	98.592	142	2	0	816	957	83664378	83664519	2.12e-63	252
Contig01+40233962	HiC_scaffold_8_MOD	97.692	130	3	0	21137	21266	19215813	19215684	4.62e-55	224
Contig01+40233962	HiC_scaffold_8_MOD	96.774	124	3	1	9253	9376	77316078	77316200	1.67e-49	206
Contig01+40233962	HiC_scaffold_8_MOD	95.238	126	6	0	9850	9975	79671283	79671408	7.78e-48	200
Contig01+40233962	HiC_scaffold_8_MOD	100.000	97	0	0	533	629	39005157	39005061	1.01e-41	180
Contig01+40233962	HiC_scaffold_8_MOD	93.043	115	8	0	3321	3435	73767160	73767274	2.20e-38	169
Contig01+40233962	HiC_scaffold_8_MOD	93.162	117	3	2	3643	3755	78991103	78991218	7.89e-38	167
Contig01+40233962	HiC_scaffold_8_MOD	96.875	96	2	1	19695	19789	15378557	15378462	1.32e-35	159
Contig01+40233962	HiC_scaffold_8_MOD	88.889	117	6	1	20095	20204	2108430	2108314	6.19e-29	137
Contig01+40233962	HiC_scaffold_8_MOD	98.611	72	1	0	15179	15250	13066629	13066558	3.73e-26	128
Contig01+40233962	HiC_scaffold_8_MOD	97.297	74	2	0	20878	20951	32346017	32346090	1.34e-25	126
Contig01+40233962	HiC_scaffold_8_MOD	100.000	64	0	0	17523	17586	72378497	72378560	2.24e-23	119
Contig01+40233962	HiC_scaffold_8_MOD	100.000	62	0	0	3588	3649	13205939	13205878	2.90e-22	115
Contig01+40233962	HiC_scaffold_8_MOD	90.698	86	8	0	3788	3873	77331265	77331180	2.90e-22	115
Contig01+40233962	HiC_scaffold_8_MOD	98.462	65	1	0	21660	21724	79766792	79766728	2.90e-22	115
Contig01+40233962	HiC_scaffold_8_MOD	100.000	59	0	0	1373	1431	12592531	12592473	1.35e-20	110
Contig01+40233962	HiC_scaffold_8_MOD	98.305	59	1	0	3531	3589	73177199	73177257	6.28e-19	104
Contig01+40233962	HiC_scaffold_8_MOD	93.056	72	4	1	3772	3843	78810484	78810554	6.28e-19	104
Contig01+40233962	HiC_scaffold_8_MOD	100.000	53	0	0	13357	13409	12666220	12666272	2.92e-17	99.0
Contig01+40233962	HiC_scaffold_8_MOD	98.182	55	1	0	13022	13076	613093	613147	1.05e-16	97.1
Contig01+40233962	HiC_scaffold_8_MOD	96.552	58	1	1	8064	8121	79766680	79766736	3.78e-16	95.3
Contig01+40233962	HiC_scaffold_8_MOD	97.872	47	1	0	10665	10711	524165	524119	2.94e-12	82.4
Contig01+40233962	HiC_scaffold_8_MOD	90.625	64	3	2	12722	12782	13505845	13505782	2.94e-12	82.4
Contig01+40233962	HiC_scaffold_8_MOD	97.778	45	1	0	10735	10779	11022934	11022890	3.81e-11	78.7
Contig01+40233962	HiC_scaffold_8_MOD	94.231	52	1	2	10696	10745	13206014	13205963	3.81e-11	78.7
Contig01+40233962	HiC_scaffold_8_MOD	97.727	44	0	1	6782	6825	2816145	2816187	4.92e-10	75.0
Contig01+40233962	HiC_scaffold_8_MOD	95.556	45	2	0	10427	10471	72378698	72378654	1.77e-09	73.1
Contig01+40233962	HiC_scaffold_8_MOD	100.000	36	0	0	5552	5587	50650222	50650257	8.24e-08	67.6
Contig01+40233962	HiC_scaffold_8_MOD	97.500	40	0	1	7964	8002	78131870	78131831	8.24e-08	67.6
Contig01+40233962	HiC_scaffold_8_MOD	100.000	31	0	0	12641	12671	13468822	13468792	4.96e-05	58.4
Contig01+40233962	HiC_scaffold_9	91.693	313	15	3	6047	6358	17114900	17114598	4.24e-115	424
Contig01+40233962	HiC_scaffold_9	97.717	219	5	0	10948	11166	53507629	53507411	3.35e-101	377
Contig01+40233962	HiC_scaffold_9	100.000	169	0	0	7009	7177	4397848	4398016	9.58e-82	313
Contig01+40233962	HiC_scaffold_9	100.000	145	0	0	7316	7460	11244927	11245071	2.10e-68	268
Contig01+40233962	HiC_scaffold_9	96.753	154	5	0	15805	15958	22663479	22663326	4.55e-65	257
Contig01+40233962	HiC_scaffold_9	97.000	100	3	0	11270	11369	19112052	19112151	2.20e-38	169
Contig01+40233962	HiC_scaffold_9	96.104	77	3	0	13087	13163	54325689	54325613	1.34e-25	126
Contig01+40233962	HiC_scaffold_9	94.595	74	4	0	10053	10126	33261438	33261511	2.90e-22	115
Contig01+40233962	HiC_scaffold_9	93.333	75	3	2	17131	17205	18828817	18828889	1.35e-20	110
Contig01+40233962	HiC_scaffold_9	95.082	61	3	0	9096	9156	20273615	20273675	1.05e-16	97.1
Contig01+40233962	HiC_scaffold_9	100.000	50	0	0	9714	9763	1268912	1268863	1.36e-15	93.5
Contig01+40233962	HiC_scaffold_9	96.364	55	2	0	20534	20588	62852898	62852844	4.89e-15	91.6
Contig01+40233962	HiC_scaffold_9	100.000	49	0	0	15922	15970	65611023	65611071	4.89e-15	91.6
Contig01+40233962	HiC_scaffold_9	94.643	56	3	0	2463	2518	10284507	10284562	6.32e-14	87.9
Contig01+40233962	HiC_scaffold_9	100.000	47	0	0	16884	16930	13601083	13601037	6.32e-14	87.9
Contig01+40233962	HiC_scaffold_9	100.000	46	0	0	21611	21656	1268911	1268956	2.27e-13	86.1
Contig01+40233962	HiC_scaffold_9	96.154	52	2	0	16979	17030	19004543	19004492	2.27e-13	86.1
Contig01+40233962	HiC_scaffold_9	89.394	66	4	2	18303	18368	14448245	14448183	1.06e-11	80.5
Contig01+40233962	HiC_scaffold_9	95.833	48	2	0	4060	4107	25188549	25188596	3.81e-11	78.7
Contig01+40233962	HiC_scaffold_9	100.000	42	0	0	9268	9309	53224035	53223994	3.81e-11	78.7
Contig01+40233962	HiC_scaffold_9	95.238	42	2	0	21133	21174	40530313	40530272	8.24e-08	67.6
Contig01+40233962	HiC_scaffold_199	93.596	203	11	1	3376	3578	2068	1868	2.07e-78	302
Contig01+40233962	HiC_scaffold_199	93.596	203	11	1	3376	3578	10512	10312	2.07e-78	302
Contig01+40233962	HiC_scaffold_199	93.596	203	11	1	3376	3578	63000	62800	2.07e-78	302
Contig01+40233962	HiC_scaffold_199	93.596	203	11	1	3376	3578	105287	105087	2.07e-78	302
Contig01+40233962	HiC_scaffold_199	93.103	203	12	1	3376	3578	6328	6128	9.65e-77	296
Contig01+40233962	HiC_scaffold_112	98.077	52	0	1	10661	10711	8270	8219	1.76e-14	89.8
Contig01+40233962	HiC_scaffold_218	100.000	29	0	0	8559	8587	78224	78252	6.41e-04	54.7
