Alignment error output.================================================================================
MAFFT	0:00:00.175609
Input: 
nthread = 0
stacksize: 8192 kb
generating a scoring matrix for nucleotide (dist=200) ... done
Gap Penalty = -1.53, +0.00, +0.00



Making a distance matrix ..

    1 / 5
done.

Constructing a UPGMA tree (efffree=0) ... 

    0 / 5
done.

Progressive alignment 1/2... 

STEP     1 / 4 f
STEP     2 / 4 d
STEP     3 / 4 d
STEP     4 / 4 d
done.

Making a distance matrix from msa.. 

    0 / 5
done.

Constructing a UPGMA tree (efffree=1) ... 

    0 / 5
done.

Progressive alignment 2/2... 

STEP     1 / 4 f
STEP     2 / 4 d
STEP     3 / 4 d
STEP     4 / 4 d
done.

disttbfast (nuc) Version 7.310 alg=A, model=DNA200 (2), 1.53 (4.59), -0.00 (-0.00), noshift, amax=0.0
0 thread(s)


Strategy:
 FFT-NS-2 (Fast but rough)
 Progressive method (guide trees were built 2 times.)

If unsure which option to use, try 'mafft --auto input > output'.
For more information, see 'mafft --help', 'mafft --man' and the mafft page.

The default gap scoring scheme has been changed in version 7.110 (2013 Oct).
It tends to insert more gaps into gap-rich regions than previous versions.
To disable this change, add the --leavegappyregion option.


Output:/public/groups/meyerlab/ditt/gapclose/adapterfilt-default/yag_out/dittrichia_adapterfilt_hap1_gaps.pre/SBhaLQBTKqe_7-33775862-33776362.fasta
/public/groups/meyerlab/ditt/gapclose/adapterfilt-default/yag_out/dittrichia_adapterfilt_hap1_gaps.msa/SBhaLQBTKqe_7-33775862-33776362.fasta
================================================================================
MAFFT	0:00:00.167494
Input: 
nthread = 0
stacksize: 8192 kb
generating a scoring matrix for nucleotide (dist=200) ... done
Gap Penalty = -1.53, +0.00, +0.00



Making a distance matrix ..

    1 / 5
done.

Constructing a UPGMA tree (efffree=0) ... 

    0 / 5
done.

Progressive alignment 1/2... 

STEP     1 / 4 f
STEP     2 / 4 d
STEP     3 / 4 d
STEP     4 / 4 d
done.

Making a distance matrix from msa.. 

    0 / 5
done.

Constructing a UPGMA tree (efffree=1) ... 

    0 / 5
done.

Progressive alignment 2/2... 

STEP     1 / 4 f
STEP     2 / 4 d
STEP     3 / 4 d
STEP     4 / 4 d
done.

disttbfast (nuc) Version 7.310 alg=A, model=DNA200 (2), 1.53 (4.59), -0.00 (-0.00), noshift, amax=0.0
0 thread(s)


Strategy:
 FFT-NS-2 (Fast but rough)
 Progressive method (guide trees were built 2 times.)

If unsure which option to use, try 'mafft --auto input > output'.
For more information, see 'mafft --help', 'mafft --man' and the mafft page.

The default gap scoring scheme has been changed in version 7.110 (2013 Oct).
It tends to insert more gaps into gap-rich regions than previous versions.
To disable this change, add the --leavegappyregion option.


Output:/public/groups/meyerlab/ditt/gapclose/adapterfilt-default/yag_out/dittrichia_adapterfilt_hap1_gaps.pre/SszxzGKiiRx_7-33775862-33776362.fasta
/public/groups/meyerlab/ditt/gapclose/adapterfilt-default/yag_out/dittrichia_adapterfilt_hap1_gaps.msa/SszxzGKiiRx_7-33775862-33776362.fasta
