#                                                                                     --- full sequence --- -------------- this domain -------------   hmm coord   ali coord   env coord
# target name                 accession   tlen query name           accession   qlen   E-value  score  bias   #  of  c-Evalue  i-Evalue  score  bias  from    to  from    to  from    to  acc description of target
#         ------------------- ---------- ----- -------------------- ---------- ----- --------- ------ ----- --- --- --------- --------- ------ ----- ----- ----- ----- ----- ----- ----- ---- ---------------------
h1tg000019l:34298997-34308215 -           1421 10341at3193          -            825         0 1079.3 101.8   1   9   1.3e-22   9.2e-19   65.4   4.3    11    78    53   132    42   141 0.82 -
h1tg000019l:34298997-34308215 -           1421 10341at3193          -            825         0 1079.3 101.8   2   9  1.1e-195  7.9e-192  637.9   5.2    77   465   187   595   177   604 0.95 -
h1tg000019l:34298997-34308215 -           1421 10341at3193          -            825         0 1079.3 101.8   3   9   2.7e-22   1.9e-18   64.4   0.3   449   515   607   674   594   695 0.89 -
h1tg000019l:34298997-34308215 -           1421 10341at3193          -            825         0 1079.3 101.8   4   9   1.7e-07    0.0012   15.4   8.1   510   637   752   878   731   880 0.83 -
h1tg000019l:34298997-34308215 -           1421 10341at3193          -            825         0 1079.3 101.8   5   9   1.3e-08   9.2e-05   19.1   2.7   575   638   861   925   855   927 0.83 -
h1tg000019l:34298997-34308215 -           1421 10341at3193          -            825         0 1079.3 101.8   6   9   7.7e-08   0.00055   16.5   7.2   574   638   883   948   880   959 0.83 -
h1tg000019l:34298997-34308215 -           1421 10341at3193          -            825         0 1079.3 101.8   7   9   7.3e-12   5.2e-08   29.8  15.3   518   639   929  1043   926  1058 0.77 -
h1tg000019l:34298997-34308215 -           1421 10341at3193          -            825         0 1079.3 101.8   8   9   3.2e-11   2.3e-07   27.7  11.2   517   628  1052  1169  1042  1189 0.72 -
h1tg000019l:34298997-34308215 -           1421 10341at3193          -            825         0 1079.3 101.8   9   9   5.8e-81   4.2e-77  258.4   7.0   625   825  1199  1419  1181  1419 0.89 -
#
# Program:         hmmsearch
# Version:         3.1b2 (February 2015)
# Pipeline mode:   SEARCH
# Query file:      /public/groups/meyerlab/ditt/assemblies/hifiasm/default/busco_downloads/lineages/embryophyta_odb10/hmms/10341at3193.hmm
# Target file:     /public/groups/meyerlab/ditt/assemblies/hifiasm/default/busco_hap1_o/run_embryophyta_odb10/metaeuk_output/initial_results/ditt_contamfiltered_hifiasm.asm.bp.hap1.p_ctg.fa.modified.fas
# Option settings: hmmsearch --domtblout /public/groups/meyerlab/ditt/assemblies/hifiasm/default/busco_hap1_o/run_embryophyta_odb10/hmmer_output/initial_run_results/10341at3193.out --cpu 1 /public/groups/meyerlab/ditt/assemblies/hifiasm/default/busco_downloads/lineages/embryophyta_odb10/hmms/10341at3193.hmm /public/groups/meyerlab/ditt/assemblies/hifiasm/default/busco_hap1_o/run_embryophyta_odb10/metaeuk_output/initial_results/ditt_contamfiltered_hifiasm.asm.bp.hap1.p_ctg.fa.modified.fas 
# Current dir:     /public/groups/meyerlab/ditt/assemblies/hifiasm/default
# Date:            Mon Oct 17 13:48:28 2022
# [ok]
