#                                                                                     --- full sequence --- -------------- this domain -------------   hmm coord   ali coord   env coord
# target name                 accession   tlen query name           accession   qlen   E-value  score  bias   #  of  c-Evalue  i-Evalue  score  bias  from    to  from    to  from    to  acc description of target
#         ------------------- ---------- ----- -------------------- ---------- ----- --------- ------ ----- --- --- --------- --------- ------ ----- ----- ----- ----- ----- ----- ----- ---- ---------------------
h1tg000012l:2051613-2057567   -            426 105974at3193         -            336  7.4e-164  543.3  18.6   1   1  1.5e-164  2.2e-161  535.2  18.6    18   336    51   417    14   417 0.90 -
h1tg000009l:11267111-11273455 -            597 105974at3193         -            336   1.4e-39  134.8   0.7   1   1   1.5e-42   2.1e-39  134.2   0.7    21   262   199   446   173   461 0.88 -
h1tg000019l:20757822-20762182 -            426 105974at3193         -            336   5.8e-32  109.7   0.0   1   2   6.3e-34   9.1e-31  105.8   0.0    20   249    59   287    46   309 0.87 -
h1tg000019l:20757822-20762182 -            426 105974at3193         -            336   5.8e-32  109.7   0.0   2   2     0.029        42    1.7   0.0   305   327   396   418   368   423 0.71 -
h1tg000008l:6348879-6351398   -            411 105974at3193         -            336   2.3e-30  104.5   0.2   1   2   4.1e-32   5.9e-29   99.8   0.1    33   260    59   290    44   304 0.85 -
h1tg000008l:6348879-6351398   -            411 105974at3193         -            336   2.3e-30  104.5   0.2   2   2     0.016        23    2.6   0.0   307   327   383   403   369   407 0.73 -
h1tg000019l:4181250-4203356   -            729 105974at3193         -            336   3.2e-22   77.7   0.0   1   1   4.8e-25   6.8e-22   76.6   0.0    24   294   382   656   368   677 0.79 -
#
# Program:         hmmsearch
# Version:         3.1b2 (February 2015)
# Pipeline mode:   SEARCH
# Query file:      /public/groups/meyerlab/ditt/assemblies/hifiasm/default/busco_downloads/lineages/embryophyta_odb10/hmms/105974at3193.hmm
# Target file:     /public/groups/meyerlab/ditt/assemblies/hifiasm/default/busco_hap1_o/run_embryophyta_odb10/metaeuk_output/initial_results/ditt_contamfiltered_hifiasm.asm.bp.hap1.p_ctg.fa.modified.fas
# Option settings: hmmsearch --domtblout /public/groups/meyerlab/ditt/assemblies/hifiasm/default/busco_hap1_o/run_embryophyta_odb10/hmmer_output/initial_run_results/105974at3193.out --cpu 1 /public/groups/meyerlab/ditt/assemblies/hifiasm/default/busco_downloads/lineages/embryophyta_odb10/hmms/105974at3193.hmm /public/groups/meyerlab/ditt/assemblies/hifiasm/default/busco_hap1_o/run_embryophyta_odb10/metaeuk_output/initial_results/ditt_contamfiltered_hifiasm.asm.bp.hap1.p_ctg.fa.modified.fas 
# Current dir:     /public/groups/meyerlab/ditt/assemblies/hifiasm/default
# Date:            Mon Oct 17 13:48:27 2022
# [ok]
