#                                                                                     --- full sequence --- -------------- this domain -------------   hmm coord   ali coord   env coord
# target name                 accession   tlen query name           accession   qlen   E-value  score  bias   #  of  c-Evalue  i-Evalue  score  bias  from    to  from    to  from    to  acc description of target
#         ------------------- ---------- ----- -------------------- ---------- ----- --------- ------ ----- --- --- --------- --------- ------ ----- ----- ----- ----- ----- ----- ----- ---- ---------------------
h1tg000008l:65347923-65356313 -           1099 11903at3193          -            817         0 1109.4  29.6   1   5   1.8e-07     4e-05   20.6   0.1     1    34     1    34     1    47 0.81 -
h1tg000008l:65347923-65356313 -           1099 11903at3193          -            817         0 1109.4  29.6   2   5   1.9e-06   0.00041   17.2   0.0    24    54    52    82    44    92 0.90 -
h1tg000008l:65347923-65356313 -           1099 11903at3193          -            817         0 1109.4  29.6   3   5   2.6e-24   5.6e-22   76.3   0.1    52   107   102   157    96   171 0.94 -
h1tg000008l:65347923-65356313 -           1099 11903at3193          -            817         0 1109.4  29.6   4   5  1.3e-160  2.8e-158  527.2   5.5   114   492   201   666   186   681 0.86 -
h1tg000008l:65347923-65356313 -           1099 11903at3193          -            817         0 1109.4  29.6   5   5  3.9e-140  8.4e-138  459.4   7.5   503   817   750  1099   726  1099 0.90 -
h1tg000004l:94988784-94991711 -            520 11903at3193          -            817     3e-22   77.2   0.2   1   2     1e-09   2.3e-07   28.0   0.0     7   117    27   135    21   171 0.81 -
h1tg000004l:94988784-94991711 -            520 11903at3193          -            817     3e-22   77.2   0.2   2   2     2e-15   4.4e-13   46.9   0.0   129   425   180   515   168   517 0.73 -
h1tg000019l:30675303-30678796 -            557 11903at3193          -            817   3.1e-19   67.2   0.1   1   3      0.75   1.6e+02   -1.3   0.0    41   107    43   110    30   123 0.80 -
h1tg000019l:30675303-30678796 -            557 11903at3193          -            817   3.1e-19   67.2   0.1   2   3   3.8e-20   8.2e-18   62.5   0.0   130   383   176   460   164   467 0.80 -
h1tg000019l:30675303-30678796 -            557 11903at3193          -            817   3.1e-19   67.2   0.1   3   3      0.14        30    1.1   0.0   399   427   510   539   488   554 0.75 -
h1tg000012l:10370028-10384138 -            532 11903at3193          -            817   5.9e-19   66.3   0.1   1   2   1.4e-05    0.0031   14.3   0.0    24   112    52   138    35   146 0.86 -
h1tg000012l:10370028-10384138 -            532 11903at3193          -            817   5.9e-19   66.3   0.1   2   2   2.7e-16   5.9e-14   49.8   0.0   123   383   182   470   150   530 0.74 -
h1tg000012l:3773361-3775892   -            545 11903at3193          -            817   9.1e-19   65.7   0.4   1   2   1.3e-08   2.8e-06   24.4   0.0    18   108    46   134    34   143 0.89 -
h1tg000012l:3773361-3775892   -            545 11903at3193          -            817   9.1e-19   65.7   0.4   2   2   6.1e-13   1.3e-10   38.7   0.1   124   426   183   530   175   544 0.66 -
h1tg000008l:76691427-76696875 -            486 11903at3193          -            817     3e-18   64.0   0.9   1   1   3.3e-18   7.1e-16   56.1   0.9    29   391    42   454    34   473 0.71 -
h1tg000012l:12056352-12058372 -            484 11903at3193          -            817   4.7e-18   63.3   0.0   1   2    0.0041      0.89    6.2   0.0    23   108     7    91     1   103 0.86 -
h1tg000012l:12056352-12058372 -            484 11903at3193          -            817   4.7e-18   63.3   0.0   2   2   6.2e-18   1.3e-15   55.2   0.0   108   425   122   479   106   482 0.73 -
h1tg000001l:8721960-8724793   -            523 11903at3193          -            817   1.3e-16   58.6   0.0   1   2    0.0034      0.74    6.4   0.0    30   129    40   140    22   142 0.87 -
h1tg000001l:8721960-8724793   -            523 11903at3193          -            817   1.3e-16   58.6   0.0   2   2   2.5e-16   5.5e-14   49.9   0.0   131   425   175   514   160   519 0.73 -
h1tg000002l:9597165-9599222   -            506 11903at3193          -            817   2.8e-16   57.4   0.0   1   2   0.00047       0.1    9.3   0.0    15   107    47   138    36   150 0.85 -
h1tg000002l:9597165-9599222   -            506 11903at3193          -            817   2.8e-16   57.4   0.0   2   2   3.8e-15   8.3e-13   46.0   0.0   118   383   180   470   164   473 0.76 -
h1tg000001l:51783-65834       -            497 11903at3193          -            817   2.7e-15   54.2   0.0   1   2     0.047        10    2.7   0.0    52   111    74   133    46   144 0.81 -
h1tg000001l:51783-65834       -            497 11903at3193          -            817   2.7e-15   54.2   0.0   2   2   3.8e-16   8.3e-14   49.3   0.0   105   390   158   471   146   491 0.73 -
h1tg000014l:5046704-5053342   -            529 11903at3193          -            817   4.3e-14   50.2   0.1   1   2    0.0062       1.4    5.6   0.0    29   129    49   150    30   154 0.84 -
h1tg000014l:5046704-5053342   -            529 11903at3193          -            817   4.3e-14   50.2   0.1   2   2   8.6e-14   1.9e-11   41.5   0.0   131   425   185   523   173   526 0.66 -
h1tg000002l:20346454-20348028 -            525 11903at3193          -            817   8.2e-12   42.7   0.2   1   2      0.42        91   -0.5   0.0   131   145   169   183   165   189 0.88 -
h1tg000002l:20346454-20348028 -            525 11903at3193          -            817   8.2e-12   42.7   0.2   2   2   2.3e-13   4.9e-11   40.1   0.0   310   435   364   518   343   523 0.78 -
h1tg000005l:66823739-66825343 -            535 11903at3193          -            817   7.4e-11   39.5   0.1   1   2      0.34        75   -0.2   0.0   131   145   196   210   189   215 0.88 -
h1tg000005l:66823739-66825343 -            535 11903at3193          -            817   7.4e-11   39.5   0.1   2   2   2.1e-12   4.5e-10   36.9   0.0   310   425   394   535   320   535 0.78 -
h1tg000005l:10503136-10504949 -            383 11903at3193          -            817     8e-11   39.4   0.0   1   2     0.046        10    2.7   0.0    68   109     1    42     1    55 0.94 -
h1tg000005l:10503136-10504949 -            383 11903at3193          -            817     8e-11   39.4   0.0   2   2   1.6e-11   3.5e-09   34.0   0.0   127   381    95   372    77   375 0.81 -
h1tg000002l:20386936-20388405 -            490 11903at3193          -            817   2.3e-10   37.9   0.1   1   2      0.24        53    0.3   0.0   131   145   127   141   118   148 0.86 -
h1tg000002l:20386936-20388405 -            490 11903at3193          -            817   2.3e-10   37.9   0.1   2   2   2.5e-11   5.5e-09   33.3   0.0   312   426   327   471   319   483 0.73 -
h1tg000001l:70447450-70448664 -            405 11903at3193          -            817   2.5e-10   37.8   0.1   1   2      0.16        34    0.9   0.0   131   145    56    70    50    83 0.89 -
h1tg000001l:70447450-70448664 -            405 11903at3193          -            817   2.5e-10   37.8   0.1   2   2   1.7e-11   3.8e-09   33.9   0.0   291   426   236   398   226   403 0.80 -
h1tg000001l:70478175-70479215 -            347 11903at3193          -            817   5.8e-10   36.6   0.1   1   2     0.056        12    2.4   0.0   133   144     3    14     1    31 0.89 -
h1tg000001l:70478175-70479215 -            347 11903at3193          -            817   5.8e-10   36.6   0.1   2   2   7.7e-11   1.7e-08   31.7   0.0   311   425   199   340   188   345 0.76 -
h1tg000004l:82226583-82228068 -            470 11903at3193          -            817     6e-10   36.5   0.0   1   2     0.082        18    1.9   0.0   131   145   114   128   105   133 0.89 -
h1tg000004l:82226583-82228068 -            470 11903at3193          -            817     6e-10   36.5   0.0   2   2   6.8e-11   1.5e-08   31.9   0.0   292   426   299   460   290   468 0.79 -
h1tg000001l:70284014-70285423 -            470 11903at3193          -            817     1e-09   35.7   0.0   1   2      0.15        32    1.0   0.0   131   145   122   136   108   148 0.86 -
h1tg000001l:70284014-70285423 -            470 11903at3193          -            817     1e-09   35.7   0.0   2   2   6.1e-11   1.3e-08   32.1   0.0   291   426   302   464   292   469 0.81 -
h1tg000006l:23008114-23023923 -            440 11903at3193          -            817   1.6e-09   35.1   2.3   1   3      0.51   1.1e+02   -0.8   0.0    30    99    44   115    32   125 0.77 -
h1tg000006l:23008114-23023923 -            440 11903at3193          -            817   1.6e-09   35.1   2.3   2   3   2.6e-06   0.00056   16.8   0.2   122   266   172   330   155   340 0.80 -
h1tg000006l:23008114-23023923 -            440 11903at3193          -            817   1.6e-09   35.1   2.3   3   3   2.2e-06   0.00047   17.0   0.0   331   390   346   405   335   431 0.86 -
h1tg000001l:70360357-70363534 -            511 11903at3193          -            817   3.4e-09   34.0   0.0   1   2      0.25        53    0.3   0.0   131   145   162   176   156   181 0.89 -
h1tg000001l:70360357-70363534 -            511 11903at3193          -            817   3.4e-09   34.0   0.0   2   2   1.6e-10   3.4e-08   30.7   0.0   309   426   361   504   341   509 0.78 -
h1tg000001l:69219736-69221163 -            476 11903at3193          -            817   7.1e-09   33.0   0.2   1   1   2.2e-10   4.8e-08   30.2   0.2   310   426   327   471   117   474 0.71 -
h1tg000010l:58427146-58428564 -            473 11903at3193          -            817   8.8e-09   32.7   0.0   1   2      0.24        53    0.3   0.0   131   145   124   138   118   143 0.89 -
h1tg000010l:58427146-58428564 -            473 11903at3193          -            817   8.8e-09   32.7   0.0   2   2   4.1e-10   8.9e-08   29.3   0.0   309   426   323   466   303   471 0.78 -
h1tg000004l:96409244-96410209 -            322 11903at3193          -            817   4.9e-08   30.2   0.6   1   2   3.4e-07   7.5e-05   19.7   0.1   126   170     2    47     1    83 0.91 -
h1tg000004l:96409244-96410209 -            322 11903at3193          -            817   4.9e-08   30.2   0.6   2   2   0.00051      0.11    9.2   0.0   322   376   251   304   195   314 0.82 -
h1tg000001l:69079910-69081337 -            476 11903at3193          -            817     5e-08   30.1   0.1   1   1   9.1e-10     2e-07   28.2   0.1   310   426   327   470   113   474 0.72 -
h1tg000002l:71610177-71611577 -            467 11903at3193          -            817     7e-08   29.7   0.0   1   2      0.26        57    0.2   0.0   131   145   118   132   103   146 0.88 -
h1tg000002l:71610177-71611577 -            467 11903at3193          -            817     7e-08   29.7   0.0   2   2   3.7e-09   8.1e-07   26.2   0.0   310   426   318   460   303   465 0.77 -
h1tg000009l:10188466-10189994 -            407 11903at3193          -            817   1.9e-07   28.2   0.0   1   2    0.0067       1.4    5.5   0.0    31   106    12    89     1   103 0.80 -
h1tg000009l:10188466-10189994 -            407 11903at3193          -            817   1.9e-07   28.2   0.0   2   2     2e-07   4.3e-05   20.5   0.0   124   349   142   385   132   404 0.78 -
h1tg000002l:5991203-5992714   -            504 11903at3193          -            817     2e-07   28.1   0.1   1   2   5.6e-07   0.00012   18.9   0.0   121   169   202   251   184   351 0.83 -
h1tg000002l:5991203-5992714   -            504 11903at3193          -            817     2e-07   28.1   0.1   2   2    0.0018       0.4    7.3   0.0   327   370   461   503   412   504 0.92 -
h1tg000006l:21642406-21646162 -            363 11903at3193          -            817   5.3e-07   26.8   1.2   1   3      0.38        83   -0.3   0.0    31   105    10    86     4    92 0.77 -
h1tg000006l:21642406-21646162 -            363 11903at3193          -            817   5.3e-07   26.8   1.2   2   3   4.8e-05     0.011   12.5   0.1   123   260   138   289   126   304 0.72 -
h1tg000006l:21642406-21646162 -            363 11903at3193          -            817   5.3e-07   26.8   1.2   3   3   9.2e-05      0.02   11.6   0.0   330   383   310   363   299   363 0.94 -
h1tg000008l:74130037-74145565 -            372 11903at3193          -            817   1.2e-06   25.6   0.0   1   2      0.34        75   -0.2   0.0   131   145    16    30     3    34 0.86 -
h1tg000008l:74130037-74145565 -            372 11903at3193          -            817   1.2e-06   25.6   0.0   2   2   5.4e-08   1.2e-05   22.3   0.0   311   427   221   368   216   371 0.71 -
h1tg000006l:32894903-32896460 -            316 11903at3193          -            817   0.00029   17.7   0.1   1   1   1.7e-06   0.00036   17.4   0.1   121   260   108   261    96   301 0.77 -
h1tg000004l:81267565-81272541 -            360 11903at3193          -            817   0.00058   16.7   0.0   1   2       0.8   1.7e+02   -1.4   0.0    32   105    55   128    45   132 0.81 -
h1tg000004l:81267565-81272541 -            360 11903at3193          -            817   0.00058   16.7   0.0   2   2   8.7e-06    0.0019   15.0   0.0   118   145   189   216   179   227 0.80 -
h1tg000009l:7826110-7832258   -            329 11903at3193          -            817    0.0013   15.6   0.0   1   2      0.72   1.6e+02   -1.3   0.0    33   105    57   129    50   164 0.75 -
h1tg000009l:7826110-7832258   -            329 11903at3193          -            817    0.0013   15.6   0.0   2   2   1.8e-05    0.0039   14.0   0.0   123   145   183   205   169   221 0.88 -
#
# Program:         hmmsearch
# Version:         3.1b2 (February 2015)
# Pipeline mode:   SEARCH
# Query file:      /public/groups/meyerlab/ditt/assemblies/hifiasm/default/busco_downloads/lineages/embryophyta_odb10/hmms/11903at3193.hmm
# Target file:     /public/groups/meyerlab/ditt/assemblies/hifiasm/default/busco_hap1_o/run_embryophyta_odb10/metaeuk_output/initial_results/ditt_contamfiltered_hifiasm.asm.bp.hap1.p_ctg.fa.modified.fas
# Option settings: hmmsearch --domtblout /public/groups/meyerlab/ditt/assemblies/hifiasm/default/busco_hap1_o/run_embryophyta_odb10/hmmer_output/initial_run_results/11903at3193.out --cpu 1 /public/groups/meyerlab/ditt/assemblies/hifiasm/default/busco_downloads/lineages/embryophyta_odb10/hmms/11903at3193.hmm /public/groups/meyerlab/ditt/assemblies/hifiasm/default/busco_hap1_o/run_embryophyta_odb10/metaeuk_output/initial_results/ditt_contamfiltered_hifiasm.asm.bp.hap1.p_ctg.fa.modified.fas 
# Current dir:     /public/groups/meyerlab/ditt/assemblies/hifiasm/default
# Date:            Mon Oct 17 13:48:28 2022
# [ok]
