#                                                                                     --- full sequence --- -------------- this domain -------------   hmm coord   ali coord   env coord
# target name                 accession   tlen query name           accession   qlen   E-value  score  bias   #  of  c-Evalue  i-Evalue  score  bias  from    to  from    to  from    to  acc description of target
#         ------------------- ---------- ----- -------------------- ---------- ----- --------- ------ ----- --- --- --------- --------- ------ ----- ----- ----- ----- ----- ----- ----- ---- ---------------------
h1tg000010l:4472304-4473251   -            316 138857at3193         -            215   2.5e-75  251.7   3.5   1   3     3e-38   4.2e-35  120.1   0.0     1    98     3   113     3   129 0.86 -
h1tg000010l:4472304-4473251   -            316 138857at3193         -            215   2.5e-75  251.7   3.5   2   3   1.3e-31   1.9e-28   98.4   0.2    92   181   135   245   124   255 0.86 -
h1tg000010l:4472304-4473251   -            316 138857at3193         -            215   2.5e-75  251.7   3.5   3   3   2.4e-11   3.5e-08   32.2   0.1   176   201   259   284   252   306 0.75 -
h1tg000008l:5426878-5434739   -            354 138857at3193         -            215     5e-12   44.7   0.0   1   1   5.3e-15   7.5e-12   44.2   0.0    30   137   100   214    86   248 0.88 -
h1tg000008l:282000-294201     -            650 138857at3193         -            215     2e-08   33.0   0.2   1   1   2.2e-11   3.2e-08   32.3   0.2    10   175   434   602   426   609 0.69 -
h1tg000019l:25119821-25125325 -            345 138857at3193         -            215   7.1e-08   31.2   0.3   1   1   5.1e-10   7.3e-07   27.9   0.3    29   139   104   235   100   275 0.67 -
h1tg000019l:12018656-12019546 -            297 138857at3193         -            215   8.3e-06   24.4   0.0   1   1   8.9e-09   1.3e-05   23.8   0.0    30   139    34   155    21   187 0.83 -
#
# Program:         hmmsearch
# Version:         3.1b2 (February 2015)
# Pipeline mode:   SEARCH
# Query file:      /public/groups/meyerlab/ditt/assemblies/hifiasm/default/busco_downloads/lineages/embryophyta_odb10/hmms/138857at3193.hmm
# Target file:     /public/groups/meyerlab/ditt/assemblies/hifiasm/default/busco_hap1_o/run_embryophyta_odb10/metaeuk_output/initial_results/ditt_contamfiltered_hifiasm.asm.bp.hap1.p_ctg.fa.modified.fas
# Option settings: hmmsearch --domtblout /public/groups/meyerlab/ditt/assemblies/hifiasm/default/busco_hap1_o/run_embryophyta_odb10/hmmer_output/initial_run_results/138857at3193.out --cpu 1 /public/groups/meyerlab/ditt/assemblies/hifiasm/default/busco_downloads/lineages/embryophyta_odb10/hmms/138857at3193.hmm /public/groups/meyerlab/ditt/assemblies/hifiasm/default/busco_hap1_o/run_embryophyta_odb10/metaeuk_output/initial_results/ditt_contamfiltered_hifiasm.asm.bp.hap1.p_ctg.fa.modified.fas 
# Current dir:     /public/groups/meyerlab/ditt/assemblies/hifiasm/default
# Date:            Mon Oct 17 13:48:28 2022
# [ok]
