/public/groups/meyerlab/software/quast-5.2.0/quast.py ditt_adapterfilt_hifiasm_l0_omnic.asm.hic.hap2.p_ctg.fa --large -o quast_hap2_o -t 12

Version: 5.2.0, 3d87c606

System information:
  OS: Linux-3.10.0-1127.19.1.el7.x86_64-x86_64-with-glibc2.17 (linux_64)
  Python version: 3.10.4
  CPUs number: 64

Started: 2022-12-04 13:14:18

Logging to /public/groups/meyerlab/ditt/assemblies/hifiasm/hom_omnic_adapterfilt/quast_hap2_o/quast.log

CWD: /public/groups/meyerlab/ditt/assemblies/hifiasm/hom_omnic_adapterfilt
Main parameters: 
  MODE: large, threads: 12, eukaryotic: true, min contig length: 3000, min alignment length: 500, \
  min alignment IDY: 95.0, ambiguity: one, min local misassembly length: 200, min extensive misassembly length: 7000

Contigs:
  Pre-processing...
  ditt_adapterfilt_hifiasm_l0_omnic.asm.hic.hap2.p_ctg.fa ==> ditt_adapterfilt_hifiasm_l0_omnic.asm.hic.hap2.p_ctg

2022-12-04 13:14:57
Running Basic statistics processor...
  Contig files: 
    ditt_adapterfilt_hifiasm_l0_omnic.asm.hic.hap2.p_ctg
  Calculating N50 and L50...
    ditt_adapterfilt_hifiasm_l0_omnic.asm.hic.hap2.p_ctg, N50 = 74485925, L50 = 5, auN = 70839017.2, Total length = 824572621, GC % = 35.66, # N's per 100 kbp =  0.00
  Drawing Nx plot...
    saved to /public/groups/meyerlab/ditt/assemblies/hifiasm/hom_omnic_adapterfilt/quast_hap2_o/basic_stats/Nx_plot.pdf
  Drawing cumulative plot...
    saved to /public/groups/meyerlab/ditt/assemblies/hifiasm/hom_omnic_adapterfilt/quast_hap2_o/basic_stats/cumulative_plot.pdf
  Drawing GC content plot...
    saved to /public/groups/meyerlab/ditt/assemblies/hifiasm/hom_omnic_adapterfilt/quast_hap2_o/basic_stats/GC_content_plot.pdf
  Drawing ditt_adapterfilt_hifiasm_l0_omnic.asm.hic.hap2.p_ctg GC content plot...
    saved to /public/groups/meyerlab/ditt/assemblies/hifiasm/hom_omnic_adapterfilt/quast_hap2_o/basic_stats/ditt_adapterfilt_hifiasm_l0_omnic.asm.hic.hap2.p_ctg_GC_content_plot.pdf
Done.

NOTICE: Genes are not predicted by default. Use --gene-finding or --glimmer option to enable it.

2022-12-04 13:16:03
Creating large visual summaries...
This may take a while: press Ctrl-C to skip this step..
  1 of 2: Creating PDF with all tables and plots...
  2 of 2: Creating Icarus viewers...
Done

2022-12-04 13:16:19
RESULTS:
  Text versions of total report are saved to /public/groups/meyerlab/ditt/assemblies/hifiasm/hom_omnic_adapterfilt/quast_hap2_o/report.txt, report.tsv, and report.tex
  Text versions of transposed total report are saved to /public/groups/meyerlab/ditt/assemblies/hifiasm/hom_omnic_adapterfilt/quast_hap2_o/transposed_report.txt, transposed_report.tsv, and transposed_report.tex
  HTML version (interactive tables and plots) is saved to /public/groups/meyerlab/ditt/assemblies/hifiasm/hom_omnic_adapterfilt/quast_hap2_o/report.html
  PDF version (tables and plots) is saved to /public/groups/meyerlab/ditt/assemblies/hifiasm/hom_omnic_adapterfilt/quast_hap2_o/report.pdf
  Icarus (contig browser) is saved to /public/groups/meyerlab/ditt/assemblies/hifiasm/hom_omnic_adapterfilt/quast_hap2_o/icarus.html
  Log is saved to /public/groups/meyerlab/ditt/assemblies/hifiasm/hom_omnic_adapterfilt/quast_hap2_o/quast.log

Finished: 2022-12-04 13:16:19
Elapsed time: 0:02:01.524734
NOTICEs: 1; WARNINGs: 0; non-fatal ERRORs: 0

Thank you for using QUAST!
