A	C	G	T	N	IUPAC	Other	GC	GC_stdev
0.3224	0.1774	0.1776	0.3227	0.0000	0.0000	0.0000	0.3549	0.0672

Main genome scaffold total:         	34
Main genome contig total:           	54
Main genome scaffold sequence total:	818798466
Main genome contig sequence total:  	818788466  	0.001% gap
Main genome scaffold N/L50:         	4/97072500
Main genome contig N/L50:           	5/73662154
Main genome scaffold N/L90:         	9/44641000
Main genome contig N/L90:           	15/17636558
Max scaffold length:                	113378553
Max contig length:                  	102842140
Number of scaffolds > 50 KB:        	16
% main genome in scaffolds > 50 KB: 	99.97%


Minimum 	Number        	Number        	Total         	Total         	Scaffold
Scaffold	of            	of            	Scaffold      	Contig        	Contig  
Length  	Scaffolds     	Contigs       	Length        	Length        	Coverage
--------	--------------	--------------	--------------	--------------	--------
    All 	            34	            54	     818798466	     818788466	 100.00%
    500 	            34	            54	     818798466	     818788466	 100.00%
   1000 	            34	            54	     818798466	     818788466	 100.00%
   2500 	            32	            52	     818795143	     818785143	 100.00%
   5000 	            31	            51	     818791143	     818781143	 100.00%
  10000 	            25	            45	     818743304	     818733304	 100.00%
  25000 	            17	            37	     818612839	     818602839	 100.00%
  50000 	            16	            36	     818580410	     818570410	 100.00%
 100000 	            14	            34	     818456784	     818446784	 100.00%
 250000 	            11	            30	     817983889	     817974389	 100.00%
 500000 	            10	            29	     817612889	     817603389	 100.00%
1000000 	            10	            29	     817612889	     817603389	 100.00%
2500000 	            10	            29	     817612889	     817603389	 100.00%
5000000 	            10	            29	     817612889	     817603389	 100.00%
10000000 	            10	            29	     817612889	     817603389	 100.00%
25000000 	            10	            29	     817612889	     817603389	 100.00%
50000000 	             8	            25	     731050521	     731042021	 100.00%
100000000 	             2	            10	     224558553	     224554553	 100.00%

